2015-04-03 14:24:20.345 [Server]: Socket Creation success: has TCP port number 6691 and IP address 127.0.1.1 and hostname Satellite
2015-04-03 14:26:02.418 [Server]: Socket Creation success: has TCP port number 6672 and IP address 127.0.1.1 and hostname Satellite
2015-04-09 11:58:03.962 [Server]: Socket Creation success: has TCP port number 6680 and IP address 127.0.0.1 and hostname 127.0.0.1
2015-04-09 12:01:48.778 [Server]: Socket Creation success: has TCP port number 6697 and IP address 127.0.1.1 and hostname Satellite
2015-04-09 12:01:48.778 [SEEDER]: created server thread id=3073723200 Client Host address: , Client Port: ,client sock : 4, client no 0
2015-04-09 12:01:48.778 [SEEDER #0]: THREAD ID : 3073723200
2015-04-09 12:01:48.778 [SEEDER #0]: LEECHER IP ADDR 127.0.0.1
2015-04-09 12:01:48.778 [SEEDER #0]: RESPONSE HANDSHAKE
2015-04-09 12:01:48.778 [LEECHER]: Created leecher thread id=3073784640
2015-04-09 12:01:48.779 [LEECHER#1]: THREAD ID : 3073784640
2015-04-09 12:01:48.779 [LEECHER#1]: SEEDER IP ADDR 127.0.0.1 AND PORT 33858
2015-04-09 12:01:48.779 [LEECHER#1]: INIT HANDSHAKE
2015-04-09 12:01:48.779 [SEEDER #0]: HANDSHAKE SUCCESS
2015-04-09 12:01:48.779 [LEECHER#1]: HANDSHAKE SUCCESS
2015-04-09 12:01:48.834 [SEEDER #0]: MESSAGE SENT : BITFIELD 
2015-04-09 12:01:48.834 [ERROR]: SOCKET 4 CLOSED ON THE OTHER SIDE
2015-04-09 12:01:48.834 [SEEDER #0]: TERMINATING THE CONNECTION WITH LEECHER
2015-04-09 12:04:35.015 [Server]: Socket Creation success: has TCP port number 6677 and IP address 127.0.1.1 and hostname Satellite
2015-04-09 12:04:35.015 [PTHREAD]: CLEANING UP THREAD ID : 3073723200
2015-04-09 12:04:35.015 [SEEDER]: created server thread id=3073723200 Client Host address: localhost, Client Port: 33872,client sock : 5, client no 0
2015-04-09 12:04:35.015 [SEEDER #0]: THREAD ID : 3073723200
2015-04-09 12:04:35.016 [SEEDER #0]: LEECHER IP ADDR 127.0.0.1
2015-04-09 12:04:35.016 [SEEDER #0]: RESPONSE HANDSHAKE
2015-04-09 12:04:35.016 [LEECHER]: Created leecher thread id=3074460480
2015-04-09 12:04:35.016 [LEECHER#1]: THREAD ID : 3074460480
2015-04-09 12:04:35.016 [LEECHER#1]: SEEDER IP ADDR 127.0.0.1 AND PORT 33872
2015-04-09 12:04:35.016 [LEECHER#1]: INIT HANDSHAKE
2015-04-09 12:04:35.016 [SEEDER #0]: HANDSHAKE SUCCESS
2015-04-09 12:04:35.021 [LEECHER#1]: HANDSHAKE SUCCESS
2015-04-09 12:04:35.023 [SEEDER #0]: MESSAGE SENT : BITFIELD 
2015-04-09 12:04:35.023 [ERROR]: SOCKET 5 CLOSED ON THE OTHER SIDE
2015-04-09 12:04:35.024 [SEEDER #0]: TERMINATING THE CONNECTION WITH LEECHER
2015-04-09 12:10:18.998 [Server]: Socket Creation success: has TCP port number 6696 and IP address 127.0.1.1 and hostname Satellite
2015-04-09 12:10:18.999 [LEECHER]: Created leecher thread id=3073829696
2015-04-09 12:10:19.000 [PTHREAD]: CLEANING UP THREAD ID : 3073723200
2015-04-09 12:10:19.000 [SEEDER]: created server thread id=3073723200 Client Host address: localhost, Client Port: 33924,client sock : 6, client no 0
2015-04-09 12:10:19.000 [LEECHER#1]: THREAD ID : 3073829696
2015-04-09 12:10:19.000 [SEEDER #0]: THREAD ID : 3073723200
2015-04-09 12:10:19.000 [LEECHER#1]: SEEDER IP ADDR 127.0.0.1 AND PORT 33924
2015-04-09 12:10:19.000 [LEECHER#1]: INIT HANDSHAKE
 127.0.0.1
2015-04-09 12:10:19.000 [SEEDER #0]: RESPONSE HANDSHAKE
2015-04-09 12:10:19.000 [SEEDER #0]: HANDSHAKE SUCCESS
2015-04-09 12:10:19.001 [LEECHER#1]: HANDSHAKE SUCCESS
2015-04-09 12:10:19.012 [SEEDER #0]: MESSAGE SENT : BITFIELD 
2015-04-09 12:10:19.013 [SEEDER #0]: TERMINATING THE CONNECTION WITH LEECHER
2015-04-09 12:11:10.258 [Server]: Socket Creation success: has TCP port number 6695 and IP address 127.0.1.1 and hostname Satellite
2015-04-09 12:11:10.261 [PTHREAD]: CLEANING UP THREAD ID : 3073723200
2015-04-09 12:11:10.261 [SEEDER]: created server thread id=3073723200 Client Host address: localhost, Client Port: 33925,client sock : 7, client no 0
2015-04-09 12:11:10.261 [SEEDER #0]: THREAD ID : 3073723200
2015-04-09 12:11:10.261 [SEEDER #0]: LEECHER IP ADDR 127.0.0.1
2015-04-09 12:11:10.261 [SEEDER #0]: RESPONSE HANDSHAKE
2015-04-09 12:11:10.262 [LEECHER]: Created leecher thread id=3074362176
2015-04-09 12:11:10.262 [LEECHER#1]: THREAD ID : 3074362176
2015-04-09 12:11:10.262 [LEECHER#1]: SEEDER IP ADDR 127.0.0.1 AND PORT 33925
2015-04-09 12:11:10.262 [LEECHER#1]: INIT HANDSHAKE
2015-04-09 12:11:10.263 [SEEDER #0]: HANDSHAKE SUCCESS
2015-04-09 12:11:10.265 [LEECHER#1]: HANDSHAKE SUCCESS
2015-04-09 12:11:10.282 [SEEDER #0]: MESSAGE SENT : BITFIELD 
2015-04-09 12:11:10.283 [ERROR]: SOCKET 7 CLOSED ON THE OTHER SIDE
2015-04-09 12:11:10.283 [SEEDER #0]: TERMINATING THE CONNECTION WITH LEECHER
2015-04-09 12:48:30.532 [Server]: Socket Creation success: has TCP port number 6690 and IP address 127.0.1.1 and hostname Satellite
2015-04-09 12:48:30.533 [PTHREAD]: CLEANING UP THREAD ID : 3073723200
2015-04-09 12:48:30.533 [SEEDER]: created server thread id=3073723200 Client Host address: localhost, Client Port: 34087,client sock : 8, client no 0
2015-04-09 12:48:30.533 [SEEDER #0]: THREAD ID : 3073723200
2015-04-09 12:48:30.533 [SEEDER #0]: LEECHER IP ADDR 127.0.0.1
2015-04-09 12:48:30.533 [SEEDER #0]: RESPONSE HANDSHAKE
2015-04-09 12:48:30.555 [LEECHER]: Created leecher thread id=3083033408
2015-04-09 12:48:30.556 [LEECHER#1]: THREAD ID : 3083033408
2015-04-09 12:48:30.556 [LEECHER#1]: SEEDER IP ADDR 127.0.0.1 AND PORT 34087
2015-04-09 12:48:30.557 [LEECHER#1]: INIT HANDSHAKE
2015-04-09 12:48:30.557 [SEEDER #0]: HANDSHAKE SUCCESS
2015-04-09 12:48:30.570 [SEEDER #0]: MESSAGE SENT : BITFIELD 
2015-04-09 12:48:30.570 [LEECHER#1]: HANDSHAKE SUCCESS
2015-04-09 12:55:15.741 [SEEDER #0]: TERMINATING THE CONNECTION WITH LEECHER
2015-04-09 13:03:11.609 [Server]: Socket Creation success: has TCP port number 6695 and IP address 127.0.1.1 and hostname Satellite
2015-04-09 13:03:11.610 [PTHREAD]: CLEANING UP THREAD ID : 3073723200
2015-04-09 13:03:11.610 [SEEDER]: created server thread id=3073723200 Client Host address: localhost, Client Port: 34244,client sock : 9, client no 0
2015-04-09 13:03:11.611 [SEEDER #0]: THREAD ID : 3073723200
2015-04-09 13:03:11.611 [SEEDER #0]: LEECHER IP ADDR 127.0.0.1
2015-04-09 13:03:11.611 [SEEDER #0]: RESPONSE HANDSHAKE
2015-04-09 13:03:11.616 [LEECHER]: Created leecher thread id=3083033408
2015-04-09 13:03:11.617 [LEECHER#1]: THREAD ID : 3083033408
2015-04-09 13:03:11.617 [LEECHER#1]: SEEDER IP ADDR 127.0.0.1 AND PORT 34244
2015-04-09 13:03:11.617 [LEECHER#1]: INIT HANDSHAKE
2015-04-09 13:03:11.618 [SEEDER #0]: HANDSHAKE SUCCESS
2015-04-09 13:03:11.631 [LEECHER#1]: HANDSHAKE SUCCESS
2015-04-09 13:03:11.647 [SEEDER #0]: MESSAGE SENT : BITFIELD 
2015-04-09 13:03:32.086 [SEEDER #0]: TERMINATING THE CONNECTION WITH LEECHER
2015-04-09 13:03:32.347 [Server]: Socket Creation success: has TCP port number 6699 and IP address 127.0.1.1 and hostname Satellite
2015-04-09 13:03:32.348 [PTHREAD]: CLEANING UP THREAD ID : 3073723200
2015-04-09 13:03:32.348 [SEEDER]: created server thread id=3073723200 Client Host address: localhost, Client Port: 34245,client sock : 10, client no 0
2015-04-09 13:03:32.348 [SEEDER #0]: THREAD ID : 3073723200
2015-04-09 13:03:32.348 [SEEDER #0]: LEECHER IP ADDR 127.0.0.1
2015-04-09 13:03:32.348 [SEEDER #0]: RESPONSE HANDSHAKE
2015-04-09 13:03:32.359 [LEECHER]: Created leecher thread id=3083033408
2015-04-09 13:03:32.359 [LEECHER#1]: THREAD ID : 3083033408
2015-04-09 13:03:32.359 [LEECHER#1]: SEEDER IP ADDR 127.0.0.1 AND PORT 34245
2015-04-09 13:03:32.359 [LEECHER#1]: INIT HANDSHAKE
2015-04-09 13:03:32.360 [SEEDER #0]: HANDSHAKE SUCCESS
2015-04-09 13:03:32.366 [LEECHER#1]: HANDSHAKE SUCCESS
2015-04-09 13:03:32.373 [SEEDER #0]: MESSAGE SENT : BITFIELD 
2015-04-09 13:03:52.692 [Server]: Socket Creation success: has TCP port number 6677 and IP address 127.0.0.1 and hostname 127.0.0.1
2015-04-09 13:10:06.639 [Server]: Socket Creation success: has TCP port number 6680 and IP address 127.0.1.1 and hostname Satellite
2015-04-09 13:10:06.646 [LEECHER]: Created leecher thread id=3083033408
2015-04-09 13:10:06.646 [LEECHER#1]: THREAD ID : 3083033408
2015-04-09 13:10:06.646 [LEECHER#1]: SEEDER IP ADDR 127.0.0.1 AND PORT 34261
2015-04-09 13:10:06.646 [LEECHER#1]: INIT HANDSHAKE
2015-04-09 13:10:28.963 [Server]: Socket Creation success: has TCP port number 6685 and IP address 127.0.0.1 and hostname 127.0.0.1
2015-04-09 13:10:35.842 [Server]: Socket Creation success: has TCP port number 6685 and IP address 127.0.1.1 and hostname Satellite
2015-04-09 13:10:35.848 [LEECHER]: Created leecher thread id=3083033408
2015-04-09 13:10:35.849 [LEECHER#1]: THREAD ID : 3083033408
2015-04-09 13:10:35.849 [LEECHER#1]: SEEDER IP ADDR 127.0.0.1 AND PORT 34262
2015-04-09 13:10:35.849 [LEECHER#1]: INIT HANDSHAKE
2015-04-09 13:11:20.919 [Server]: Socket Creation success: has TCP port number 6678 and IP address 127.0.1.1 and hostname Satellite
2015-04-09 13:11:20.919 [SEEDER]: created server thread id=3074321216 Client Host address: , Client Port: ,client sock : 4, client no 0
2015-04-09 13:11:20.919 [SEEDER #0]: THREAD ID : 3074321216
2015-04-09 13:11:20.919 [SEEDER #0]: LEECHER IP ADDR 127.0.0.1
2015-04-09 13:11:20.919 [SEEDER #0]: RESPONSE HANDSHAKE
2015-04-09 13:11:20.926 [LEECHER]: Created leecher thread id=3083033408
2015-04-09 13:11:20.927 [LEECHER#1]: THREAD ID : 3083033408
2015-04-09 13:11:20.927 [LEECHER#1]: SEEDER IP ADDR 127.0.0.1 AND PORT 44559
2015-04-09 13:11:20.927 [LEECHER#1]: INIT HANDSHAKE
2015-04-09 13:11:20.927 [SEEDER #0]: HANDSHAKE SUCCESS
2015-04-09 13:11:20.943 [SEEDER #0]: MESSAGE SENT : BITFIELD 
2015-04-09 13:11:20.944 [LEECHER#1]: HANDSHAKE SUCCESS
2015-04-09 13:31:10.300 [Server]: Socket Creation success: has TCP port number 6697 and IP address 127.0.0.1 and hostname 127.0.0.1
2015-04-09 13:31:20.388 [Server]: Socket Creation success: has TCP port number 6691 and IP address 127.0.1.1 and hostname Satellite
2015-04-09 13:31:20.394 [LEECHER]: Created leecher thread id=3083033408
2015-04-09 13:31:20.394 [LEECHER#1]: THREAD ID : 3083033408
2015-04-09 13:31:20.394 [LEECHER#1]: SEEDER IP ADDR 127.0.0.1 AND PORT 44600
2015-04-09 13:31:20.395 [LEECHER#1]: INIT HANDSHAKE
2015-04-09 13:31:34.424 [Server]: Socket Creation success: has TCP port number 6689 and IP address 127.0.1.1 and hostname Satellite
2015-04-09 13:31:34.424 [SEEDER]: created server thread id=3074161472 Client Host address: , Client Port: ,client sock : 4, client no 0
2015-04-09 13:31:34.424 [SEEDER #0]: THREAD ID : 3074161472
2015-04-09 13:31:34.424 [SEEDER #0]: LEECHER IP ADDR 127.0.0.1
2015-04-09 13:31:34.424 [SEEDER #0]: RESPONSE HANDSHAKE
2015-04-09 13:31:34.431 [LEECHER]: Created leecher thread id=3083033408
2015-04-09 13:31:34.431 [LEECHER#1]: THREAD ID : 3083033408
2015-04-09 13:31:34.431 [LEECHER#1]: SEEDER IP ADDR 127.0.0.1 AND PORT 56262
2015-04-09 13:31:34.431 [LEECHER#1]: INIT HANDSHAKE
2015-04-09 13:31:34.431 [SEEDER #0]: HANDSHAKE SUCCESS
2015-04-09 13:31:34.443 [SEEDER #0]: MESSAGE SENT : BITFIELD 
2015-04-09 13:31:34.444 [LEECHER#1]: HANDSHAKE SUCCESS
2015-04-09 13:37:03.454 [Server]: Socket Creation success: has TCP port number 6692 and IP address 127.0.0.1 and hostname 127.0.0.1
2015-04-09 13:37:10.936 [Server]: Socket Creation success: has TCP port number 6699 and IP address 127.0.1.1 and hostname Satellite
2015-04-09 13:37:10.943 [LEECHER]: Created leecher thread id=3083033408
2015-04-09 13:37:10.944 [LEECHER#1]: THREAD ID : 3083033408
2015-04-09 13:37:10.944 [LEECHER#1]: SEEDER IP ADDR 127.0.0.1 AND PORT 56300
2015-04-09 13:37:10.944 [LEECHER#1]: INIT HANDSHAKE
2015-04-09 13:37:22.866 [Server]: Socket Creation success: has TCP port number 6669 and IP address 127.0.1.1 and hostname Satellite
2015-04-09 13:37:22.866 [SEEDER]: created server thread id=3074321216 Client Host address: , Client Port: ,client sock : 4, client no 0
2015-04-09 13:37:22.866 [SEEDER #0]: THREAD ID : 3074321216
2015-04-09 13:37:22.866 [SEEDER #0]: LEECHER IP ADDR 127.0.0.1
2015-04-09 13:37:22.866 [SEEDER #0]: RESPONSE HANDSHAKE
2015-04-09 13:37:22.872 [LEECHER]: Created leecher thread id=3083033408
2015-04-09 13:37:22.873 [LEECHER#1]: THREAD ID : 3083033408
2015-04-09 13:37:22.873 [LEECHER#1]: SEEDER IP ADDR 127.0.0.1 AND PORT 50935
2015-04-09 13:37:22.874 [LEECHER#1]: INIT HANDSHAKE
2015-04-09 13:37:22.874 [SEEDER #0]: HANDSHAKE SUCCESS
2015-04-09 13:37:22.879 [LEECHER#1]: HANDSHAKE SUCCESS
2015-04-09 13:37:22.880 [SEEDER #0]: MESSAGE SENT : BITFIELD 
2015-04-09 13:37:59.838 [Server]: Socket Creation success: has TCP port number 6683 and IP address 127.0.0.1 and hostname 127.0.0.1
2015-04-09 13:38:15.040 [Server]: Socket Creation success: has TCP port number 6674 and IP address 127.0.1.1 and hostname Satellite
2015-04-09 13:38:15.040 [SEEDER]: created server thread id=3074444096 Client Host address: , Client Port: ,client sock : 4, client no 0
2015-04-09 13:38:15.040 [SEEDER #0]: THREAD ID : 3074444096
2015-04-09 13:38:15.040 [SEEDER #0]: LEECHER IP ADDR 127.0.0.1
2015-04-09 13:38:15.040 [SEEDER #0]: RESPONSE HANDSHAKE
2015-04-09 13:38:15.046 [LEECHER]: Created leecher thread id=3083033408
2015-04-09 13:38:15.047 [LEECHER#1]: THREAD ID : 3083033408
2015-04-09 13:38:15.047 [LEECHER#1]: SEEDER IP ADDR 127.0.0.1 AND PORT 33847
2015-04-09 13:38:15.047 [LEECHER#1]: INIT HANDSHAKE
2015-04-09 13:38:15.048 [SEEDER #0]: HANDSHAKE SUCCESS
2015-04-09 13:38:15.055 [SEEDER #0]: MESSAGE SENT : BITFIELD 
2015-04-09 13:38:15.056 [LEECHER#1]: HANDSHAKE SUCCESS
2015-04-15 15:12:31.909 [Server]: Socket Creation success: has TCP port number 6684 and IP address 127.0.0.1 and hostname 127.0.0.1
2015-04-15 15:13:50.076 [SEEDER]: created server thread id=3073772352 Client Host address: , Client Port: ,client sock : 4, client no 0
2015-04-15 15:13:50.076 [SEEDER #0]: THREAD ID : 3073772352
2015-04-15 15:13:50.076 [SEEDER #0]: LEECHER IP ADDR 127.0.0.1
2015-04-15 15:13:50.076 [SEEDER #0]: RESPONSE HANDSHAKE
2015-04-15 15:13:50.076 [SEEDER #0]: HANDSHAKE SUCCESS
2015-04-15 15:13:50.082 [SEEDER #0]: MESSAGE SENT : BITFIELD 
2015-04-15 15:13:50.084 [SEEDER #0]: TERMINATING THE CONNECTION WITH LEECHER
2015-04-15 15:16:09.692 [Server]: Socket Creation success: has TCP port number 6668 and IP address 127.0.0.1 and hostname 127.0.0.1
2015-04-15 15:16:40.564 [SEEDER]: created server thread id=3074018112 Client Host address: , Client Port: ,client sock : 4, client no 0
2015-04-15 15:16:40.565 [SEEDER #0]: THREAD ID : 3074018112
2015-04-15 15:16:40.565 [SEEDER #0]: LEECHER IP ADDR 127.0.0.1
2015-04-15 15:16:40.565 [SEEDER #0]: RESPONSE HANDSHAKE
2015-04-15 15:16:40.566 [SEEDER #0]: HANDSHAKE SUCCESS
2015-04-15 15:16:40.577 [SEEDER #0]: MESSAGE SENT : BITFIELD 
2015-04-15 15:16:40.613 [SEEDER #0]: MESSAGE RCVD : INTERESTED
2015-04-15 15:19:43.992 [Server]: Socket Creation success: has TCP port number 6673 and IP address 127.0.0.1 and hostname 127.0.0.1
2015-04-15 15:20:19.196 [SEEDER]: created server thread id=3074538304 Client Host address: , Client Port: ,client sock : 4, client no 0
2015-04-15 15:20:19.197 [SEEDER #0]: THREAD ID : 3074538304
2015-04-15 15:20:19.197 [SEEDER #0]: LEECHER IP ADDR 127.0.0.1
2015-04-15 15:20:19.197 [SEEDER #0]: RESPONSE HANDSHAKE
2015-04-15 15:20:19.198 [SEEDER #0]: HANDSHAKE SUCCESS
2015-04-15 15:20:19.203 [SEEDER #0]: MESSAGE SENT : BITFIELD 
2015-04-15 15:20:19.208 [SEEDER #0]: TERMINATING THE CONNECTION WITH LEECHER
2015-04-15 19:59:01.257 [Server]: Socket Creation success: has TCP port number 6680 and IP address 127.0.0.1 and hostname 127.0.0.1
2015-04-15 19:59:19.607 [SEEDER]: created server thread id=3073858368 Client Host address: , Client Port: ,client sock : 4, client no 0
2015-04-15 19:59:19.607 [SEEDER #0]: THREAD ID : 3073858368
2015-04-15 19:59:19.608 [SEEDER #0]: LEECHER IP ADDR 127.0.0.1
2015-04-15 19:59:19.608 [SEEDER #0]: RESPONSE HANDSHAKE
2015-04-15 19:59:19.608 [SEEDER #0]: HANDSHAKE SUCCESS
2015-04-15 19:59:19.616 [SEEDER #0]: MESSAGE SENT : BITFIELD 
2015-04-15 19:59:19.619 [SEEDER #0]: TERMINATING THE CONNECTION WITH LEECHER
2015-04-15 20:00:34.016 [Server]: Socket Creation success: has TCP port number 6679 and IP address 127.0.0.1 and hostname 127.0.0.1
2015-04-15 20:00:51.693 [SEEDER]: created server thread id=3073923904 Client Host address: , Client Port: ,client sock : 4, client no 0
2015-04-15 20:00:51.693 [SEEDER #0]: THREAD ID : 3073923904
2015-04-15 20:00:51.693 [SEEDER #0]: LEECHER IP ADDR 127.0.0.1
2015-04-15 20:00:51.693 [SEEDER #0]: RESPONSE HANDSHAKE
2015-04-15 20:00:51.694 [SEEDER #0]: HANDSHAKE SUCCESS
2015-04-15 20:00:51.713 [SEEDER #0]: MESSAGE SENT : BITFIELD 
2015-04-15 20:00:51.755 [SEEDER #0]: MESSAGE RCVD : INTERESTED
2015-04-15 20:03:40.904 [Server]: Socket Creation success: has TCP port number 6681 and IP address 127.0.0.1 and hostname 127.0.0.1
2015-04-15 20:03:52.528 [SEEDER]: created server thread id=3074091840 Client Host address: , Client Port: ,client sock : 4, client no 0
2015-04-15 20:03:52.528 [SEEDER #0]: THREAD ID : 3074091840
2015-04-15 20:03:52.528 [SEEDER #0]: LEECHER IP ADDR 127.0.0.1
2015-04-15 20:03:52.528 [SEEDER #0]: RESPONSE HANDSHAKE
2015-04-15 20:03:52.529 [SEEDER #0]: HANDSHAKE SUCCESS
2015-04-15 20:03:52.544 [SEEDER #0]: MESSAGE SENT : BITFIELD 
2015-04-15 20:03:52.591 [SEEDER #0]: MESSAGE RCVD : INTERESTED
2015-04-15 20:03:52.591 [SEEDER #0]: MESSAGE RCVD: REQUEST: INDEX - 0, OFFSET - 0, LENGTH - 262144
2015-04-15 20:03:52.593 [SEEDER #0]: MESSAGE SENT: PIECE : INDEX - 0, OFFSET - 0
2015-04-15 20:03:52.606 [SEEDER #0]: MESSAGE SENT : BITFIELD 
2015-04-15 20:03:52.675 [SEEDER #0]: MESSAGE RCVD : INTERESTED
2015-04-15 20:03:52.675 [SEEDER #0]: MESSAGE RCVD: REQUEST: INDEX - 1, OFFSET - 0, LENGTH - 262144
2015-04-15 20:03:52.676 [SEEDER #0]: MESSAGE SENT: PIECE : INDEX - 1, OFFSET - 0
2015-04-15 20:03:52.688 [SEEDER #0]: MESSAGE SENT : BITFIELD 
2015-04-15 20:03:52.775 [SEEDER #0]: MESSAGE RCVD : INTERESTED
2015-04-15 20:03:52.775 [SEEDER #0]: MESSAGE RCVD: REQUEST: INDEX - 2, OFFSET - 0, LENGTH - 262144
2015-04-15 20:03:52.776 [SEEDER #0]: MESSAGE SENT: PIECE : INDEX - 2, OFFSET - 0
2015-04-15 20:03:52.787 [SEEDER #0]: MESSAGE SENT : BITFIELD 
2015-04-15 20:03:52.867 [SEEDER #0]: MESSAGE RCVD : INTERESTED
2015-04-15 20:03:52.867 [SEEDER #0]: MESSAGE RCVD: REQUEST: INDEX - 3, OFFSET - 0, LENGTH - 262144
2015-04-15 20:03:52.868 [SEEDER #0]: MESSAGE SENT: PIECE : INDEX - 3, OFFSET - 0
2015-04-15 20:03:52.878 [SEEDER #0]: MESSAGE SENT : BITFIELD 
2015-04-15 20:03:52.967 [SEEDER #0]: MESSAGE RCVD : INTERESTED
2015-04-15 20:03:52.967 [SEEDER #0]: MESSAGE RCVD: REQUEST: INDEX - 4, OFFSET - 0, LENGTH - 262144
2015-04-15 20:03:52.968 [SEEDER #0]: MESSAGE SENT: PIECE : INDEX - 4, OFFSET - 0
2015-04-15 20:03:52.978 [SEEDER #0]: MESSAGE SENT : BITFIELD 
2015-04-15 20:03:53.063 [SEEDER #0]: MESSAGE RCVD : INTERESTED
2015-04-15 20:03:53.063 [SEEDER #0]: MESSAGE RCVD: REQUEST: INDEX - 5, OFFSET - 0, LENGTH - 76800
2015-04-15 20:03:53.064 [SEEDER #0]: MESSAGE SENT: PIECE : INDEX - 5, OFFSET - 0
2015-04-15 20:03:53.076 [SEEDER #0]: MESSAGE SENT : BITFIELD 
2015-04-15 20:03:53.113 [SEEDER #0]: MESSAGE RCVD : NOT INTERESTED
2015-04-15 20:03:53.113 [SEEDER #0]: TERMINATING THE CONNECTION WITH LEECHER
2015-04-15 20:06:59.059 [Server]: Socket Creation success: has TCP port number 6689 and IP address 127.0.0.1 and hostname 127.0.0.1
2015-04-15 20:08:02.442 [SEEDER]: created server thread id=3073542976 Client Host address: , Client Port: ,client sock : 4, client no 0
2015-04-15 20:08:02.442 [SEEDER #0]: THREAD ID : 3073542976
2015-04-15 20:08:02.442 [SEEDER #0]: LEECHER IP ADDR 127.0.0.1
2015-04-15 20:08:02.442 [SEEDER #0]: RESPONSE HANDSHAKE
2015-04-15 20:08:02.443 [SEEDER #0]: HANDSHAKE SUCCESS
2015-04-15 20:08:02.456 [SEEDER #0]: MESSAGE SENT : BITFIELD 
2015-04-15 20:08:02.495 [SEEDER #0]: MESSAGE RCVD : INTERESTED
2015-04-15 20:08:02.495 [SEEDER #0]: MESSAGE RCVD: REQUEST: INDEX - 0, OFFSET - 0, LENGTH - 262144
2015-04-15 20:08:02.496 [SEEDER #0]: MESSAGE SENT: PIECE : INDEX - 0, OFFSET - 0
2015-04-15 20:08:02.508 [SEEDER #0]: MESSAGE SENT : BITFIELD 
2015-04-15 20:08:02.583 [SEEDER #0]: MESSAGE RCVD : INTERESTED
2015-04-15 20:08:02.583 [SEEDER #0]: MESSAGE RCVD: REQUEST: INDEX - 1, OFFSET - 0, LENGTH - 262144
2015-04-15 20:08:02.584 [SEEDER #0]: MESSAGE SENT: PIECE : INDEX - 1, OFFSET - 0
2015-04-15 20:08:02.600 [SEEDER #0]: MESSAGE SENT : BITFIELD 
2015-04-15 20:08:02.687 [SEEDER #0]: MESSAGE RCVD : INTERESTED
2015-04-15 20:08:02.688 [SEEDER #0]: MESSAGE RCVD: REQUEST: INDEX - 2, OFFSET - 0, LENGTH - 262144
2015-04-15 20:08:02.689 [SEEDER #0]: MESSAGE SENT: PIECE : INDEX - 2, OFFSET - 0
2015-04-15 20:08:02.699 [SEEDER #0]: MESSAGE SENT : BITFIELD 
2015-04-15 20:08:02.783 [SEEDER #0]: MESSAGE RCVD : INTERESTED
2015-04-15 20:08:02.783 [SEEDER #0]: MESSAGE RCVD: REQUEST: INDEX - 3, OFFSET - 0, LENGTH - 262144
2015-04-15 20:08:02.784 [SEEDER #0]: MESSAGE SENT: PIECE : INDEX - 3, OFFSET - 0
2015-04-15 20:08:02.794 [SEEDER #0]: MESSAGE SENT : BITFIELD 
2015-04-15 20:08:02.879 [SEEDER #0]: MESSAGE RCVD : INTERESTED
2015-04-15 20:08:02.879 [SEEDER #0]: MESSAGE RCVD: REQUEST: INDEX - 4, OFFSET - 0, LENGTH - 262144
2015-04-15 20:08:02.880 [SEEDER #0]: MESSAGE SENT: PIECE : INDEX - 4, OFFSET - 0
2015-04-15 20:08:02.893 [SEEDER #0]: MESSAGE SENT : BITFIELD 
2015-04-15 20:08:02.983 [SEEDER #0]: MESSAGE RCVD : INTERESTED
2015-04-15 20:08:02.983 [SEEDER #0]: MESSAGE RCVD: REQUEST: INDEX - 5, OFFSET - 0, LENGTH - 76800
2015-04-15 20:08:02.984 [SEEDER #0]: MESSAGE SENT: PIECE : INDEX - 5, OFFSET - 0
2015-04-15 20:08:02.995 [SEEDER #0]: MESSAGE SENT : BITFIELD 
2015-04-15 20:08:03.033 [SEEDER #0]: MESSAGE RCVD : NOT INTERESTED
2015-04-15 20:08:03.034 [SEEDER #0]: TERMINATING THE CONNECTION WITH LEECHER
2015-04-15 20:13:14.211 [Server]: Socket Creation success: has TCP port number 6696 and IP address 127.0.0.1 and hostname 127.0.0.1
2015-04-15 20:13:31.278 [SEEDER]: created server thread id=3073325888 Client Host address: , Client Port: ,client sock : 4, client no 0
2015-04-15 20:13:31.278 [SEEDER #0]: THREAD ID : 3073325888
2015-04-15 20:13:31.278 [SEEDER #0]: LEECHER IP ADDR 127.0.0.1
2015-04-15 20:13:31.278 [SEEDER #0]: RESPONSE HANDSHAKE
2015-04-15 20:13:31.279 [SEEDER #0]: HANDSHAKE SUCCESS
2015-04-15 20:13:31.291 [SEEDER #0]: MESSAGE SENT : BITFIELD 
2015-04-15 20:13:31.331 [SEEDER #0]: MESSAGE RCVD : INTERESTED
2015-04-15 20:13:31.331 [SEEDER #0]: MESSAGE RCVD: REQUEST: INDEX - 0, OFFSET - 0, LENGTH - 262144
2015-04-15 20:13:31.332 [SEEDER #0]: MESSAGE SENT: PIECE : INDEX - 0, OFFSET - 0
2015-04-15 20:13:31.342 [SEEDER #0]: MESSAGE SENT : BITFIELD 
2015-04-15 20:13:31.419 [SEEDER #0]: MESSAGE RCVD : INTERESTED
2015-04-15 20:13:31.419 [SEEDER #0]: MESSAGE RCVD: REQUEST: INDEX - 1, OFFSET - 0, LENGTH - 262144
2015-04-15 20:13:31.420 [SEEDER #0]: MESSAGE SENT: PIECE : INDEX - 1, OFFSET - 0
2015-04-15 20:13:31.433 [SEEDER #0]: MESSAGE SENT : BITFIELD 
2015-04-15 20:13:31.523 [SEEDER #0]: MESSAGE RCVD : INTERESTED
2015-04-15 20:13:31.523 [SEEDER #0]: MESSAGE RCVD: REQUEST: INDEX - 2, OFFSET - 0, LENGTH - 262144
2015-04-15 20:13:31.524 [SEEDER #0]: MESSAGE SENT: PIECE : INDEX - 2, OFFSET - 0
2015-04-15 20:13:31.534 [SEEDER #0]: MESSAGE SENT : BITFIELD 
2015-04-15 20:13:31.619 [SEEDER #0]: MESSAGE RCVD : INTERESTED
2015-04-15 20:13:31.619 [SEEDER #0]: MESSAGE RCVD: REQUEST: INDEX - 3, OFFSET - 0, LENGTH - 262144
2015-04-15 20:13:31.620 [SEEDER #0]: MESSAGE SENT: PIECE : INDEX - 3, OFFSET - 0
2015-04-15 20:13:31.630 [SEEDER #0]: MESSAGE SENT : BITFIELD 
2015-04-15 20:13:31.715 [SEEDER #0]: MESSAGE RCVD : INTERESTED
2015-04-15 20:13:31.716 [SEEDER #0]: MESSAGE RCVD: REQUEST: INDEX - 4, OFFSET - 0, LENGTH - 262144
2015-04-15 20:13:31.717 [SEEDER #0]: MESSAGE SENT: PIECE : INDEX - 4, OFFSET - 0
2015-04-15 20:13:31.727 [SEEDER #0]: MESSAGE SENT : BITFIELD 
2015-04-15 20:13:31.811 [SEEDER #0]: MESSAGE RCVD : INTERESTED
2015-04-15 20:13:31.811 [SEEDER #0]: MESSAGE RCVD: REQUEST: INDEX - 5, OFFSET - 0, LENGTH - 76800
2015-04-15 20:13:31.812 [SEEDER #0]: MESSAGE SENT: PIECE : INDEX - 5, OFFSET - 0
2015-04-15 20:13:31.822 [SEEDER #0]: MESSAGE SENT : BITFIELD 
2015-04-15 20:13:31.864 [SEEDER #0]: MESSAGE RCVD : NOT INTERESTED
2015-04-15 20:13:31.864 [SEEDER #0]: TERMINATING THE CONNECTION WITH LEECHER
2015-04-15 20:15:33.991 [PTHREAD]: CLEANING UP THREAD ID : 3073325888
2015-04-15 20:15:33.991 [SEEDER]: created server thread id=3073325888 Client Host address: localhost, Client Port: 33230,client sock : 5, client no 0
2015-04-15 20:15:33.992 [SEEDER #0]: THREAD ID : 3073325888
2015-04-15 20:15:33.992 [SEEDER #0]: LEECHER IP ADDR 127.0.0.1
2015-04-15 20:15:33.992 [SEEDER #0]: RESPONSE HANDSHAKE
2015-04-15 20:15:33.992 [SEEDER #0]: HANDSHAKE SUCCESS
2015-04-15 20:15:34.002 [SEEDER #0]: MESSAGE SENT : BITFIELD 
2015-04-15 20:15:34.043 [SEEDER #0]: MESSAGE RCVD : INTERESTED
2015-04-15 20:15:34.043 [SEEDER #0]: MESSAGE RCVD: REQUEST: INDEX - 0, OFFSET - 0, LENGTH - 262144
2015-04-15 20:15:34.044 [SEEDER #0]: MESSAGE SENT: PIECE : INDEX - 0, OFFSET - 0
2015-04-15 20:15:34.055 [SEEDER #0]: MESSAGE SENT : BITFIELD 
2015-04-15 20:15:34.131 [SEEDER #0]: MESSAGE RCVD : INTERESTED
2015-04-15 20:15:34.131 [SEEDER #0]: MESSAGE RCVD: REQUEST: INDEX - 1, OFFSET - 0, LENGTH - 262144
2015-04-15 20:15:34.132 [SEEDER #0]: MESSAGE SENT: PIECE : INDEX - 1, OFFSET - 0
2015-04-15 20:15:34.138 [SEEDER #0]: MESSAGE SENT : BITFIELD 
2015-04-15 20:15:34.223 [SEEDER #0]: MESSAGE RCVD : INTERESTED
2015-04-15 20:15:34.223 [SEEDER #0]: MESSAGE RCVD: REQUEST: INDEX - 2, OFFSET - 0, LENGTH - 262144
2015-04-15 20:15:34.224 [SEEDER #0]: MESSAGE SENT: PIECE : INDEX - 2, OFFSET - 0
2015-04-15 20:15:34.234 [SEEDER #0]: MESSAGE SENT : BITFIELD 
2015-04-15 20:15:34.323 [SEEDER #0]: MESSAGE RCVD : INTERESTED
2015-04-15 20:15:34.323 [SEEDER #0]: MESSAGE RCVD: REQUEST: INDEX - 3, OFFSET - 0, LENGTH - 262144
2015-04-15 20:15:34.324 [SEEDER #0]: MESSAGE SENT: PIECE : INDEX - 3, OFFSET - 0
2015-04-15 20:15:34.337 [SEEDER #0]: MESSAGE SENT : BITFIELD 
2015-04-15 20:15:34.427 [SEEDER #0]: MESSAGE RCVD : INTERESTED
2015-04-15 20:15:34.427 [SEEDER #0]: MESSAGE RCVD: REQUEST: INDEX - 4, OFFSET - 0, LENGTH - 262144
2015-04-15 20:15:34.428 [SEEDER #0]: MESSAGE SENT: PIECE : INDEX - 4, OFFSET - 0
2015-04-15 20:15:34.439 [SEEDER #0]: MESSAGE SENT : BITFIELD 
2015-04-15 20:15:34.523 [SEEDER #0]: MESSAGE RCVD : INTERESTED
2015-04-15 20:15:34.523 [SEEDER #0]: MESSAGE RCVD: REQUEST: INDEX - 5, OFFSET - 0, LENGTH - 76800
2015-04-15 20:15:34.524 [SEEDER #0]: MESSAGE SENT: PIECE : INDEX - 5, OFFSET - 0
2015-04-15 20:15:34.535 [SEEDER #0]: MESSAGE SENT : BITFIELD 
2015-04-15 20:15:34.574 [SEEDER #0]: MESSAGE RCVD : NOT INTERESTED
2015-04-15 20:15:34.574 [SEEDER #0]: TERMINATING THE CONNECTION WITH LEECHER
2015-04-15 20:16:13.684 [PTHREAD]: CLEANING UP THREAD ID : 3073325888
2015-04-15 20:16:13.685 [SEEDER]: created server thread id=3073325888 Client Host address: localhost, Client Port: 33231,client sock : 6, client no 0
2015-04-15 20:16:13.685 [SEEDER #0]: THREAD ID : 3073325888
2015-04-15 20:16:13.685 [SEEDER #0]: LEECHER IP ADDR 127.0.0.1
2015-04-15 20:16:13.685 [SEEDER #0]: RESPONSE HANDSHAKE
2015-04-15 20:16:13.685 [SEEDER #0]: HANDSHAKE SUCCESS
2015-04-15 20:16:13.700 [SEEDER #0]: MESSAGE SENT : BITFIELD 
2015-04-15 20:16:13.712 [SEEDER #0]: MESSAGE RCVD : NOT INTERESTED
2015-04-15 20:16:13.712 [SEEDER #0]: TERMINATING THE CONNECTION WITH LEECHER
2015-04-16 10:10:35.517 [PTHREAD]: CLEANING UP THREAD ID : 3073325888
2015-04-16 10:10:35.517 [SEEDER]: created server thread id=3073325888 Client Host address: localhost, Client Port: 33232,client sock : 7, client no 0
2015-04-16 10:10:35.517 [SEEDER #0]: THREAD ID : 3073325888
2015-04-16 10:10:35.517 [SEEDER #0]: LEECHER IP ADDR 127.0.0.1
2015-04-16 10:10:35.517 [SEEDER #0]: RESPONSE HANDSHAKE
2015-04-16 10:10:35.517 [SEEDER #0]: HANDSHAKE SUCCESS
2015-04-16 10:10:35.531 [SEEDER #0]: MESSAGE SENT : BITFIELD 
2015-04-16 10:10:35.543 [SEEDER #0]: MESSAGE RCVD : NOT INTERESTED
2015-04-16 10:10:35.543 [SEEDER #0]: TERMINATING THE CONNECTION WITH LEECHER
2015-04-17 20:02:08.437 [Server]: Socket Creation success: has TCP port number 6693 and IP address 127.0.0.1 and hostname 127.0.0.1
2015-04-17 20:02:45.526 [SEEDER]: created server thread id=3073932096 Client Host address: , Client Port: ,client sock : 4, client no 0
2015-04-17 20:02:45.526 [SEEDER #0]: THREAD ID : 3073932096
2015-04-17 20:02:45.526 [SEEDER #0]: LEECHER IP ADDR 127.0.0.1
2015-04-17 20:02:45.526 [SEEDER #0]: RESPONSE HANDSHAKE
2015-04-17 20:02:45.527 [SEEDER #0]: HANDSHAKE SUCCESS
2015-04-17 20:02:45.541 [SEEDER #0]: MESSAGE SENT : BITFIELD 
2015-04-17 20:02:45.579 [SEEDER #0]: MESSAGE RCVD : INTERESTED
2015-04-17 20:02:45.579 [SEEDER #0]: MESSAGE RCVD: REQUEST: INDEX - 0, OFFSET - 0, LENGTH - 262144
2015-04-17 20:02:45.580 [SEEDER #0]: MESSAGE SENT: PIECE : INDEX - 0, OFFSET - 0
2015-04-17 20:02:45.589 [SEEDER #0]: MESSAGE SENT : BITFIELD 
2015-04-17 20:02:45.671 [SEEDER #0]: MESSAGE RCVD : INTERESTED
2015-04-17 20:02:45.671 [SEEDER #0]: MESSAGE RCVD: REQUEST: INDEX - 1, OFFSET - 0, LENGTH - 262144
2015-04-17 20:02:45.672 [SEEDER #0]: MESSAGE SENT: PIECE : INDEX - 1, OFFSET - 0
2015-04-17 20:02:45.684 [SEEDER #0]: MESSAGE SENT : BITFIELD 
2015-04-17 20:02:45.775 [SEEDER #0]: MESSAGE RCVD : INTERESTED
2015-04-17 20:02:45.775 [SEEDER #0]: MESSAGE RCVD: REQUEST: INDEX - 2, OFFSET - 0, LENGTH - 262144
2015-04-17 20:02:45.776 [SEEDER #0]: MESSAGE SENT: PIECE : INDEX - 2, OFFSET - 0
2015-04-17 20:02:45.789 [SEEDER #0]: MESSAGE SENT : BITFIELD 
2015-04-17 20:02:45.875 [SEEDER #0]: MESSAGE RCVD : INTERESTED
2015-04-17 20:02:45.875 [SEEDER #0]: MESSAGE RCVD: REQUEST: INDEX - 3, OFFSET - 0, LENGTH - 262144
2015-04-17 20:02:45.876 [SEEDER #0]: MESSAGE SENT: PIECE : INDEX - 3, OFFSET - 0
2015-04-17 20:02:45.888 [SEEDER #0]: MESSAGE SENT : BITFIELD 
2015-04-17 20:02:45.975 [SEEDER #0]: MESSAGE RCVD : INTERESTED
2015-04-17 20:02:45.975 [SEEDER #0]: MESSAGE RCVD: REQUEST: INDEX - 4, OFFSET - 0, LENGTH - 262144
2015-04-17 20:02:45.976 [SEEDER #0]: MESSAGE SENT: PIECE : INDEX - 4, OFFSET - 0
2015-04-17 20:02:45.987 [SEEDER #0]: MESSAGE SENT : BITFIELD 
2015-04-17 20:02:46.079 [SEEDER #0]: MESSAGE RCVD : INTERESTED
2015-04-17 20:02:46.079 [SEEDER #0]: MESSAGE RCVD: REQUEST: INDEX - 5, OFFSET - 0, LENGTH - 76800
2015-04-17 20:02:46.080 [SEEDER #0]: MESSAGE SENT: PIECE : INDEX - 5, OFFSET - 0
2015-04-17 20:02:46.092 [SEEDER #0]: MESSAGE SENT : BITFIELD 
2015-04-17 20:02:46.130 [SEEDER #0]: MESSAGE RCVD : NOT INTERESTED
2015-04-17 20:02:46.131 [SEEDER #0]: TERMINATING THE CONNECTION WITH LEECHER
2015-04-17 20:03:45.126 [PTHREAD]: CLEANING UP THREAD ID : 3073932096
2015-04-17 20:03:45.126 [SEEDER]: created server thread id=3073932096 Client Host address: localhost, Client Port: 57869,client sock : 5, client no 0
2015-04-17 20:03:45.126 [SEEDER #0]: THREAD ID : 3073932096
2015-04-17 20:03:45.126 [SEEDER #0]: LEECHER IP ADDR 127.0.0.1
2015-04-17 20:03:45.126 [SEEDER #0]: RESPONSE HANDSHAKE
2015-04-17 20:03:45.126 [SEEDER #0]: HANDSHAKE SUCCESS
2015-04-17 20:03:45.137 [SEEDER #0]: MESSAGE SENT : BITFIELD 
2015-04-17 20:03:45.142 [SEEDER #0]: MESSAGE RCVD : NOT INTERESTED
2015-04-17 20:03:45.142 [SEEDER #0]: TERMINATING THE CONNECTION WITH LEECHER
2015-04-17 20:04:00.097 [PTHREAD]: CLEANING UP THREAD ID : 3073932096
2015-04-17 20:04:00.097 [SEEDER]: created server thread id=3073932096 Client Host address: localhost, Client Port: 57870,client sock : 6, client no 0
2015-04-17 20:04:00.097 [SEEDER #0]: THREAD ID : 3073932096
2015-04-17 20:04:00.097 [SEEDER #0]: LEECHER IP ADDR 127.0.0.1
2015-04-17 20:04:00.097 [SEEDER #0]: RESPONSE HANDSHAKE
2015-04-17 20:04:00.097 [SEEDER #0]: HANDSHAKE SUCCESS
2015-04-17 20:04:00.105 [SEEDER #0]: MESSAGE SENT : BITFIELD 
2015-04-17 20:04:00.143 [SEEDER #0]: MESSAGE RCVD : INTERESTED
2015-04-17 20:04:00.143 [SEEDER #0]: MESSAGE RCVD: REQUEST: INDEX - 0, OFFSET - 0, LENGTH - 262144
2015-04-17 20:04:00.144 [SEEDER #0]: MESSAGE SENT: PIECE : INDEX - 0, OFFSET - 0
2015-04-17 20:04:00.157 [SEEDER #0]: MESSAGE SENT : BITFIELD 
2015-04-17 20:04:00.231 [SEEDER #0]: MESSAGE RCVD : INTERESTED
2015-04-17 20:04:00.231 [SEEDER #0]: MESSAGE RCVD: REQUEST: INDEX - 1, OFFSET - 0, LENGTH - 262144
2015-04-17 20:04:00.232 [SEEDER #0]: MESSAGE SENT: PIECE : INDEX - 1, OFFSET - 0
2015-04-17 20:04:00.242 [SEEDER #0]: MESSAGE SENT : BITFIELD 
2015-04-17 20:04:00.331 [SEEDER #0]: MESSAGE RCVD : INTERESTED
2015-04-17 20:04:00.331 [SEEDER #0]: MESSAGE RCVD: REQUEST: INDEX - 2, OFFSET - 0, LENGTH - 262144
2015-04-17 20:04:00.332 [SEEDER #0]: MESSAGE SENT: PIECE : INDEX - 2, OFFSET - 0
2015-04-17 20:04:00.346 [SEEDER #0]: MESSAGE SENT : BITFIELD 
2015-04-17 20:04:00.435 [SEEDER #0]: MESSAGE RCVD : INTERESTED
2015-04-17 20:04:00.435 [SEEDER #0]: MESSAGE RCVD: REQUEST: INDEX - 3, OFFSET - 0, LENGTH - 262144
2015-04-17 20:04:00.436 [SEEDER #0]: MESSAGE SENT: PIECE : INDEX - 3, OFFSET - 0
2015-04-17 20:04:00.448 [SEEDER #0]: MESSAGE SENT : BITFIELD 
2015-04-17 20:04:00.539 [SEEDER #0]: MESSAGE RCVD : INTERESTED
2015-04-17 20:04:00.539 [SEEDER #0]: MESSAGE RCVD: REQUEST: INDEX - 4, OFFSET - 0, LENGTH - 262144
2015-04-17 20:04:00.540 [SEEDER #0]: MESSAGE SENT: PIECE : INDEX - 4, OFFSET - 0
2015-04-17 20:04:00.552 [SEEDER #0]: MESSAGE SENT : BITFIELD 
2015-04-17 20:04:00.643 [SEEDER #0]: MESSAGE RCVD : INTERESTED
2015-04-17 20:04:00.643 [SEEDER #0]: MESSAGE RCVD: REQUEST: INDEX - 5, OFFSET - 0, LENGTH - 76800
2015-04-17 20:04:00.644 [SEEDER #0]: MESSAGE SENT: PIECE : INDEX - 5, OFFSET - 0
2015-04-17 20:04:00.656 [SEEDER #0]: MESSAGE SENT : BITFIELD 
2015-04-17 20:04:00.695 [SEEDER #0]: MESSAGE RCVD : NOT INTERESTED
2015-04-17 20:04:00.695 [SEEDER #0]: TERMINATING THE CONNECTION WITH LEECHER
2015-04-17 20:10:33.844 [PTHREAD]: CLEANING UP THREAD ID : 3073932096
2015-04-17 20:10:33.844 [SEEDER]: created server thread id=3073932096 Client Host address: localhost, Client Port: 57909,client sock : 7, client no 0
2015-04-17 20:10:33.844 [SEEDER #0]: THREAD ID : 3073932096
2015-04-17 20:10:33.844 [SEEDER #0]: LEECHER IP ADDR 127.0.0.1
2015-04-17 20:10:33.844 [SEEDER #0]: RESPONSE HANDSHAKE
2015-04-17 20:10:33.844 [SEEDER #0]: HANDSHAKE SUCCESS
2015-04-17 20:10:33.856 [SEEDER #0]: MESSAGE SENT : BITFIELD 
2015-04-17 20:10:33.895 [SEEDER #0]: MESSAGE RCVD : INTERESTED
2015-04-17 20:10:33.895 [SEEDER #0]: MESSAGE RCVD: REQUEST: INDEX - 0, OFFSET - 0, LENGTH - 262144
2015-04-17 20:10:33.896 [SEEDER #0]: MESSAGE SENT: PIECE : INDEX - 0, OFFSET - 0
2015-04-17 20:10:33.908 [SEEDER #0]: MESSAGE SENT : BITFIELD 
2015-04-17 20:10:33.987 [SEEDER #0]: MESSAGE RCVD : INTERESTED
2015-04-17 20:10:33.987 [SEEDER #0]: MESSAGE RCVD: REQUEST: INDEX - 1, OFFSET - 0, LENGTH - 262144
2015-04-17 20:10:33.988 [SEEDER #0]: MESSAGE SENT: PIECE : INDEX - 1, OFFSET - 0
2015-04-17 20:10:34.002 [SEEDER #0]: MESSAGE SENT : BITFIELD 
2015-04-17 20:10:34.087 [SEEDER #0]: MESSAGE RCVD : INTERESTED
2015-04-17 20:10:34.087 [SEEDER #0]: MESSAGE RCVD: REQUEST: INDEX - 2, OFFSET - 0, LENGTH - 262144
2015-04-17 20:10:34.088 [SEEDER #0]: MESSAGE SENT: PIECE : INDEX - 2, OFFSET - 0
2015-04-17 20:10:34.099 [SEEDER #0]: MESSAGE SENT : BITFIELD 
2015-04-17 20:10:34.187 [SEEDER #0]: MESSAGE RCVD : INTERESTED
2015-04-17 20:10:34.187 [SEEDER #0]: MESSAGE RCVD: REQUEST: INDEX - 3, OFFSET - 0, LENGTH - 262144
2015-04-17 20:10:34.188 [SEEDER #0]: MESSAGE SENT: PIECE : INDEX - 3, OFFSET - 0
2015-04-17 20:10:34.197 [SEEDER #0]: MESSAGE SENT : BITFIELD 
2015-04-17 20:10:34.283 [SEEDER #0]: MESSAGE RCVD : INTERESTED
2015-04-17 20:10:34.283 [SEEDER #0]: MESSAGE RCVD: REQUEST: INDEX - 4, OFFSET - 0, LENGTH - 262144
2015-04-17 20:10:34.284 [SEEDER #0]: MESSAGE SENT: PIECE : INDEX - 4, OFFSET - 0
2015-04-17 20:10:34.296 [SEEDER #0]: MESSAGE SENT : BITFIELD 
2015-04-17 20:10:34.387 [SEEDER #0]: MESSAGE RCVD : INTERESTED
2015-04-17 20:10:34.387 [SEEDER #0]: MESSAGE RCVD: REQUEST: INDEX - 5, OFFSET - 0, LENGTH - 76800
2015-04-17 20:10:34.388 [SEEDER #0]: MESSAGE SENT: PIECE : INDEX - 5, OFFSET - 0
2015-04-17 20:10:34.398 [SEEDER #0]: MESSAGE SENT : BITFIELD 
2015-04-17 20:10:34.439 [SEEDER #0]: MESSAGE RCVD : NOT INTERESTED
2015-04-17 20:10:34.439 [SEEDER #0]: TERMINATING THE CONNECTION WITH LEECHER
