2015-04-03 14:24:20.345 [Server]: Socket Creation success: has TCP port number 6691 and IP address 127.0.1.1 and hostname Satellite
2015-04-03 14:26:02.418 [Server]: Socket Creation success: has TCP port number 6672 and IP address 127.0.1.1 and hostname Satellite
2015-04-09 11:58:03.962 [Server]: Socket Creation success: has TCP port number 6680 and IP address 127.0.0.1 and hostname 127.0.0.1
2015-04-09 12:01:48.778 [Server]: Socket Creation success: has TCP port number 6697 and IP address 127.0.1.1 and hostname Satellite
2015-04-09 12:01:48.778 [SEEDER]: created server thread id=3073723200 Client Host address: , Client Port: ,client sock : 4, client no 0
2015-04-09 12:01:48.778 [SEEDER #0]: THREAD ID : 3073723200
2015-04-09 12:01:48.778 [SEEDER #0]: LEECHER IP ADDR 127.0.0.1
2015-04-09 12:01:48.778 [SEEDER #0]: RESPONSE HANDSHAKE
2015-04-09 12:01:48.778 [LEECHER]: Created leecher thread id=3073784640
2015-04-09 12:01:48.779 [LEECHER#1]: THREAD ID : 3073784640
2015-04-09 12:01:48.779 [LEECHER#1]: SEEDER IP ADDR 127.0.0.1 AND PORT 33858
2015-04-09 12:01:48.779 [LEECHER#1]: INIT HANDSHAKE
2015-04-09 12:01:48.779 [SEEDER #0]: HANDSHAKE SUCCESS
2015-04-09 12:01:48.779 [LEECHER#1]: HANDSHAKE SUCCESS
2015-04-09 12:01:48.834 [SEEDER #0]: MESSAGE SENT : BITFIELD 
2015-04-09 12:01:48.834 [ERROR]: SOCKET 4 CLOSED ON THE OTHER SIDE
2015-04-09 12:01:48.834 [SEEDER #0]: TERMINATING THE CONNECTION WITH LEECHER
2015-04-09 12:04:35.015 [Server]: Socket Creation success: has TCP port number 6677 and IP address 127.0.1.1 and hostname Satellite
2015-04-09 12:04:35.015 [PTHREAD]: CLEANING UP THREAD ID : 3073723200
2015-04-09 12:04:35.015 [SEEDER]: created server thread id=3073723200 Client Host address: localhost, Client Port: 33872,client sock : 5, client no 0
2015-04-09 12:04:35.015 [SEEDER #0]: THREAD ID : 3073723200
2015-04-09 12:04:35.016 [SEEDER #0]: LEECHER IP ADDR 127.0.0.1
2015-04-09 12:04:35.016 [SEEDER #0]: RESPONSE HANDSHAKE
2015-04-09 12:04:35.016 [LEECHER]: Created leecher thread id=3074460480
2015-04-09 12:04:35.016 [LEECHER#1]: THREAD ID : 3074460480
2015-04-09 12:04:35.016 [LEECHER#1]: SEEDER IP ADDR 127.0.0.1 AND PORT 33872
2015-04-09 12:04:35.016 [LEECHER#1]: INIT HANDSHAKE
2015-04-09 12:04:35.016 [SEEDER #0]: HANDSHAKE SUCCESS
2015-04-09 12:04:35.021 [LEECHER#1]: HANDSHAKE SUCCESS
2015-04-09 12:04:35.023 [SEEDER #0]: MESSAGE SENT : BITFIELD 
2015-04-09 12:04:35.023 [ERROR]: SOCKET 5 CLOSED ON THE OTHER SIDE
2015-04-09 12:04:35.024 [SEEDER #0]: TERMINATING THE CONNECTION WITH LEECHER
2015-04-09 12:10:18.998 [Server]: Socket Creation success: has TCP port number 6696 and IP address 127.0.1.1 and hostname Satellite
2015-04-09 12:10:18.999 [LEECHER]: Created leecher thread id=3073829696
2015-04-09 12:10:19.000 [PTHREAD]: CLEANING UP THREAD ID : 3073723200
2015-04-09 12:10:19.000 [SEEDER]: created server thread id=3073723200 Client Host address: localhost, Client Port: 33924,client sock : 6, client no 0
2015-04-09 12:10:19.000 [LEECHER#1]: THREAD ID : 3073829696
2015-04-09 12:10:19.000 [SEEDER #0]: THREAD ID : 3073723200
2015-04-09 12:10:19.000 [LEECHER#1]: SEEDER IP ADDR 127.0.0.1 AND PORT 33924
2015-04-09 12:10:19.000 [LEECHER#1]: INIT HANDSHAKE
 127.0.0.1
2015-04-09 12:10:19.000 [SEEDER #0]: RESPONSE HANDSHAKE
2015-04-09 12:10:19.000 [SEEDER #0]: HANDSHAKE SUCCESS
2015-04-09 12:10:19.001 [LEECHER#1]: HANDSHAKE SUCCESS
2015-04-09 12:10:19.012 [SEEDER #0]: MESSAGE SENT : BITFIELD 
2015-04-09 12:10:19.013 [SEEDER #0]: TERMINATING THE CONNECTION WITH LEECHER
2015-04-09 12:11:10.258 [Server]: Socket Creation success: has TCP port number 6695 and IP address 127.0.1.1 and hostname Satellite
2015-04-09 12:11:10.261 [PTHREAD]: CLEANING UP THREAD ID : 3073723200
2015-04-09 12:11:10.261 [SEEDER]: created server thread id=3073723200 Client Host address: localhost, Client Port: 33925,client sock : 7, client no 0
2015-04-09 12:11:10.261 [SEEDER #0]: THREAD ID : 3073723200
2015-04-09 12:11:10.261 [SEEDER #0]: LEECHER IP ADDR 127.0.0.1
2015-04-09 12:11:10.261 [SEEDER #0]: RESPONSE HANDSHAKE
2015-04-09 12:11:10.262 [LEECHER]: Created leecher thread id=3074362176
2015-04-09 12:11:10.262 [LEECHER#1]: THREAD ID : 3074362176
2015-04-09 12:11:10.262 [LEECHER#1]: SEEDER IP ADDR 127.0.0.1 AND PORT 33925
2015-04-09 12:11:10.262 [LEECHER#1]: INIT HANDSHAKE
2015-04-09 12:11:10.263 [SEEDER #0]: HANDSHAKE SUCCESS
2015-04-09 12:11:10.265 [LEECHER#1]: HANDSHAKE SUCCESS
2015-04-09 12:11:10.282 [SEEDER #0]: MESSAGE SENT : BITFIELD 
2015-04-09 12:11:10.283 [ERROR]: SOCKET 7 CLOSED ON THE OTHER SIDE
2015-04-09 12:11:10.283 [SEEDER #0]: TERMINATING THE CONNECTION WITH LEECHER
2015-04-09 12:48:30.532 [Server]: Socket Creation success: has TCP port number 6690 and IP address 127.0.1.1 and hostname Satellite
2015-04-09 12:48:30.533 [PTHREAD]: CLEANING UP THREAD ID : 3073723200
2015-04-09 12:48:30.533 [SEEDER]: created server thread id=3073723200 Client Host address: localhost, Client Port: 34087,client sock : 8, client no 0
2015-04-09 12:48:30.533 [SEEDER #0]: THREAD ID : 3073723200
2015-04-09 12:48:30.533 [SEEDER #0]: LEECHER IP ADDR 127.0.0.1
2015-04-09 12:48:30.533 [SEEDER #0]: RESPONSE HANDSHAKE
2015-04-09 12:48:30.555 [LEECHER]: Created leecher thread id=3083033408
2015-04-09 12:48:30.556 [LEECHER#1]: THREAD ID : 3083033408
2015-04-09 12:48:30.556 [LEECHER#1]: SEEDER IP ADDR 127.0.0.1 AND PORT 34087
2015-04-09 12:48:30.557 [LEECHER#1]: INIT HANDSHAKE
2015-04-09 12:48:30.557 [SEEDER #0]: HANDSHAKE SUCCESS
2015-04-09 12:48:30.570 [SEEDER #0]: MESSAGE SENT : BITFIELD 
2015-04-09 12:48:30.570 [LEECHER#1]: HANDSHAKE SUCCESS
2015-04-09 12:55:15.741 [SEEDER #0]: TERMINATING THE CONNECTION WITH LEECHER
2015-04-09 13:03:11.609 [Server]: Socket Creation success: has TCP port number 6695 and IP address 127.0.1.1 and hostname Satellite
2015-04-09 13:03:11.610 [PTHREAD]: CLEANING UP THREAD ID : 3073723200
2015-04-09 13:03:11.610 [SEEDER]: created server thread id=3073723200 Client Host address: localhost, Client Port: 34244,client sock : 9, client no 0
2015-04-09 13:03:11.611 [SEEDER #0]: THREAD ID : 3073723200
2015-04-09 13:03:11.611 [SEEDER #0]: LEECHER IP ADDR 127.0.0.1
2015-04-09 13:03:11.611 [SEEDER #0]: RESPONSE HANDSHAKE
2015-04-09 13:03:11.616 [LEECHER]: Created leecher thread id=3083033408
2015-04-09 13:03:11.617 [LEECHER#1]: THREAD ID : 3083033408
2015-04-09 13:03:11.617 [LEECHER#1]: SEEDER IP ADDR 127.0.0.1 AND PORT 34244
2015-04-09 13:03:11.617 [LEECHER#1]: INIT HANDSHAKE
2015-04-09 13:03:11.618 [SEEDER #0]: HANDSHAKE SUCCESS
2015-04-09 13:03:11.631 [LEECHER#1]: HANDSHAKE SUCCESS
2015-04-09 13:03:11.647 [SEEDER #0]: MESSAGE SENT : BITFIELD 
2015-04-09 13:03:32.086 [SEEDER #0]: TERMINATING THE CONNECTION WITH LEECHER
2015-04-09 13:03:32.347 [Server]: Socket Creation success: has TCP port number 6699 and IP address 127.0.1.1 and hostname Satellite
2015-04-09 13:03:32.348 [PTHREAD]: CLEANING UP THREAD ID : 3073723200
2015-04-09 13:03:32.348 [SEEDER]: created server thread id=3073723200 Client Host address: localhost, Client Port: 34245,client sock : 10, client no 0
2015-04-09 13:03:32.348 [SEEDER #0]: THREAD ID : 3073723200
2015-04-09 13:03:32.348 [SEEDER #0]: LEECHER IP ADDR 127.0.0.1
2015-04-09 13:03:32.348 [SEEDER #0]: RESPONSE HANDSHAKE
2015-04-09 13:03:32.359 [LEECHER]: Created leecher thread id=3083033408
2015-04-09 13:03:32.359 [LEECHER#1]: THREAD ID : 3083033408
2015-04-09 13:03:32.359 [LEECHER#1]: SEEDER IP ADDR 127.0.0.1 AND PORT 34245
2015-04-09 13:03:32.359 [LEECHER#1]: INIT HANDSHAKE
2015-04-09 13:03:32.360 [SEEDER #0]: HANDSHAKE SUCCESS
2015-04-09 13:03:32.366 [LEECHER#1]: HANDSHAKE SUCCESS
2015-04-09 13:03:32.373 [SEEDER #0]: MESSAGE SENT : BITFIELD 
2015-04-09 13:03:52.692 [Server]: Socket Creation success: has TCP port number 6677 and IP address 127.0.0.1 and hostname 127.0.0.1
2015-04-09 13:10:06.639 [Server]: Socket Creation success: has TCP port number 6680 and IP address 127.0.1.1 and hostname Satellite
2015-04-09 13:10:06.646 [LEECHER]: Created leecher thread id=3083033408
2015-04-09 13:10:06.646 [LEECHER#1]: THREAD ID : 3083033408
2015-04-09 13:10:06.646 [LEECHER#1]: SEEDER IP ADDR 127.0.0.1 AND PORT 34261
2015-04-09 13:10:06.646 [LEECHER#1]: INIT HANDSHAKE
2015-04-09 13:10:28.963 [Server]: Socket Creation success: has TCP port number 6685 and IP address 127.0.0.1 and hostname 127.0.0.1
2015-04-09 13:10:35.842 [Server]: Socket Creation success: has TCP port number 6685 and IP address 127.0.1.1 and hostname Satellite
2015-04-09 13:10:35.848 [LEECHER]: Created leecher thread id=3083033408
2015-04-09 13:10:35.849 [LEECHER#1]: THREAD ID : 3083033408
2015-04-09 13:10:35.849 [LEECHER#1]: SEEDER IP ADDR 127.0.0.1 AND PORT 34262
2015-04-09 13:10:35.849 [LEECHER#1]: INIT HANDSHAKE
2015-04-09 13:11:20.919 [Server]: Socket Creation success: has TCP port number 6678 and IP address 127.0.1.1 and hostname Satellite
2015-04-09 13:11:20.919 [SEEDER]: created server thread id=3074321216 Client Host address: , Client Port: ,client sock : 4, client no 0
2015-04-09 13:11:20.919 [SEEDER #0]: THREAD ID : 3074321216
2015-04-09 13:11:20.919 [SEEDER #0]: LEECHER IP ADDR 127.0.0.1
2015-04-09 13:11:20.919 [SEEDER #0]: RESPONSE HANDSHAKE
2015-04-09 13:11:20.926 [LEECHER]: Created leecher thread id=3083033408
2015-04-09 13:11:20.927 [LEECHER#1]: THREAD ID : 3083033408
2015-04-09 13:11:20.927 [LEECHER#1]: SEEDER IP ADDR 127.0.0.1 AND PORT 44559
2015-04-09 13:11:20.927 [LEECHER#1]: INIT HANDSHAKE
2015-04-09 13:11:20.927 [SEEDER #0]: HANDSHAKE SUCCESS
2015-04-09 13:11:20.943 [SEEDER #0]: MESSAGE SENT : BITFIELD 
2015-04-09 13:11:20.944 [LEECHER#1]: HANDSHAKE SUCCESS
2015-04-09 13:31:10.300 [Server]: Socket Creation success: has TCP port number 6697 and IP address 127.0.0.1 and hostname 127.0.0.1
2015-04-09 13:31:20.388 [Server]: Socket Creation success: has TCP port number 6691 and IP address 127.0.1.1 and hostname Satellite
2015-04-09 13:31:20.394 [LEECHER]: Created leecher thread id=3083033408
2015-04-09 13:31:20.394 [LEECHER#1]: THREAD ID : 3083033408
2015-04-09 13:31:20.394 [LEECHER#1]: SEEDER IP ADDR 127.0.0.1 AND PORT 44600
2015-04-09 13:31:20.395 [LEECHER#1]: INIT HANDSHAKE
2015-04-09 13:31:34.424 [Server]: Socket Creation success: has TCP port number 6689 and IP address 127.0.1.1 and hostname Satellite
2015-04-09 13:31:34.424 [SEEDER]: created server thread id=3074161472 Client Host address: , Client Port: ,client sock : 4, client no 0
2015-04-09 13:31:34.424 [SEEDER #0]: THREAD ID : 3074161472
2015-04-09 13:31:34.424 [SEEDER #0]: LEECHER IP ADDR 127.0.0.1
2015-04-09 13:31:34.424 [SEEDER #0]: RESPONSE HANDSHAKE
2015-04-09 13:31:34.431 [LEECHER]: Created leecher thread id=3083033408
2015-04-09 13:31:34.431 [LEECHER#1]: THREAD ID : 3083033408
2015-04-09 13:31:34.431 [LEECHER#1]: SEEDER IP ADDR 127.0.0.1 AND PORT 56262
2015-04-09 13:31:34.431 [LEECHER#1]: INIT HANDSHAKE
2015-04-09 13:31:34.431 [SEEDER #0]: HANDSHAKE SUCCESS
2015-04-09 13:31:34.443 [SEEDER #0]: MESSAGE SENT : BITFIELD 
2015-04-09 13:31:34.444 [LEECHER#1]: HANDSHAKE SUCCESS
2015-04-09 13:37:03.454 [Server]: Socket Creation success: has TCP port number 6692 and IP address 127.0.0.1 and hostname 127.0.0.1
2015-04-09 13:37:10.936 [Server]: Socket Creation success: has TCP port number 6699 and IP address 127.0.1.1 and hostname Satellite
2015-04-09 13:37:10.943 [LEECHER]: Created leecher thread id=3083033408
2015-04-09 13:37:10.944 [LEECHER#1]: THREAD ID : 3083033408
2015-04-09 13:37:10.944 [LEECHER#1]: SEEDER IP ADDR 127.0.0.1 AND PORT 56300
2015-04-09 13:37:10.944 [LEECHER#1]: INIT HANDSHAKE
2015-04-09 13:37:22.866 [Server]: Socket Creation success: has TCP port number 6669 and IP address 127.0.1.1 and hostname Satellite
2015-04-09 13:37:22.866 [SEEDER]: created server thread id=3074321216 Client Host address: , Client Port: ,client sock : 4, client no 0
2015-04-09 13:37:22.866 [SEEDER #0]: THREAD ID : 3074321216
2015-04-09 13:37:22.866 [SEEDER #0]: LEECHER IP ADDR 127.0.0.1
2015-04-09 13:37:22.866 [SEEDER #0]: RESPONSE HANDSHAKE
2015-04-09 13:37:22.872 [LEECHER]: Created leecher thread id=3083033408
2015-04-09 13:37:22.873 [LEECHER#1]: THREAD ID : 3083033408
2015-04-09 13:37:22.873 [LEECHER#1]: SEEDER IP ADDR 127.0.0.1 AND PORT 50935
2015-04-09 13:37:22.874 [LEECHER#1]: INIT HANDSHAKE
2015-04-09 13:37:22.874 [SEEDER #0]: HANDSHAKE SUCCESS
2015-04-09 13:37:22.879 [LEECHER#1]: HANDSHAKE SUCCESS
2015-04-09 13:37:22.880 [SEEDER #0]: MESSAGE SENT : BITFIELD 
2015-04-09 13:37:59.838 [Server]: Socket Creation success: has TCP port number 6683 and IP address 127.0.0.1 and hostname 127.0.0.1
2015-04-09 13:38:15.040 [Server]: Socket Creation success: has TCP port number 6674 and IP address 127.0.1.1 and hostname Satellite
2015-04-09 13:38:15.040 [SEEDER]: created server thread id=3074444096 Client Host address: , Client Port: ,client sock : 4, client no 0
2015-04-09 13:38:15.040 [SEEDER #0]: THREAD ID : 3074444096
2015-04-09 13:38:15.040 [SEEDER #0]: LEECHER IP ADDR 127.0.0.1
2015-04-09 13:38:15.040 [SEEDER #0]: RESPONSE HANDSHAKE
2015-04-09 13:38:15.046 [LEECHER]: Created leecher thread id=3083033408
2015-04-09 13:38:15.047 [LEECHER#1]: THREAD ID : 3083033408
2015-04-09 13:38:15.047 [LEECHER#1]: SEEDER IP ADDR 127.0.0.1 AND PORT 33847
2015-04-09 13:38:15.047 [LEECHER#1]: INIT HANDSHAKE
2015-04-09 13:38:15.048 [SEEDER #0]: HANDSHAKE SUCCESS
2015-04-09 13:38:15.055 [SEEDER #0]: MESSAGE SENT : BITFIELD 
2015-04-09 13:38:15.056 [LEECHER#1]: HANDSHAKE SUCCESS
2015-04-15 15:12:31.909 [Server]: Socket Creation success: has TCP port number 6684 and IP address 127.0.0.1 and hostname 127.0.0.1
2015-04-15 15:13:50.076 [SEEDER]: created server thread id=3073772352 Client Host address: , Client Port: ,client sock : 4, client no 0
2015-04-15 15:13:50.076 [SEEDER #0]: THREAD ID : 3073772352
2015-04-15 15:13:50.076 [SEEDER #0]: LEECHER IP ADDR 127.0.0.1
2015-04-15 15:13:50.076 [SEEDER #0]: RESPONSE HANDSHAKE
2015-04-15 15:13:50.076 [SEEDER #0]: HANDSHAKE SUCCESS
2015-04-15 15:13:50.082 [SEEDER #0]: MESSAGE SENT : BITFIELD 
2015-04-15 15:13:50.084 [SEEDER #0]: TERMINATING THE CONNECTION WITH LEECHER
2015-04-15 15:16:09.692 [Server]: Socket Creation success: has TCP port number 6668 and IP address 127.0.0.1 and hostname 127.0.0.1
2015-04-15 15:16:40.564 [SEEDER]: created server thread id=3074018112 Client Host address: , Client Port: ,client sock : 4, client no 0
2015-04-15 15:16:40.565 [SEEDER #0]: THREAD ID : 3074018112
2015-04-15 15:16:40.565 [SEEDER #0]: LEECHER IP ADDR 127.0.0.1
2015-04-15 15:16:40.565 [SEEDER #0]: RESPONSE HANDSHAKE
2015-04-15 15:16:40.566 [SEEDER #0]: HANDSHAKE SUCCESS
2015-04-15 15:16:40.577 [SEEDER #0]: MESSAGE SENT : BITFIELD 
2015-04-15 15:16:40.613 [SEEDER #0]: MESSAGE RCVD : INTERESTED
2015-04-15 15:19:43.992 [Server]: Socket Creation success: has TCP port number 6673 and IP address 127.0.0.1 and hostname 127.0.0.1
2015-04-15 15:20:19.196 [SEEDER]: created server thread id=3074538304 Client Host address: , Client Port: ,client sock : 4, client no 0
2015-04-15 15:20:19.197 [SEEDER #0]: THREAD ID : 3074538304
2015-04-15 15:20:19.197 [SEEDER #0]: LEECHER IP ADDR 127.0.0.1
2015-04-15 15:20:19.197 [SEEDER #0]: RESPONSE HANDSHAKE
2015-04-15 15:20:19.198 [SEEDER #0]: HANDSHAKE SUCCESS
2015-04-15 15:20:19.203 [SEEDER #0]: MESSAGE SENT : BITFIELD 
2015-04-15 15:20:19.208 [SEEDER #0]: TERMINATING THE CONNECTION WITH LEECHER
2015-04-15 19:59:01.257 [Server]: Socket Creation success: has TCP port number 6680 and IP address 127.0.0.1 and hostname 127.0.0.1
2015-04-15 19:59:19.607 [SEEDER]: created server thread id=3073858368 Client Host address: , Client Port: ,client sock : 4, client no 0
2015-04-15 19:59:19.607 [SEEDER #0]: THREAD ID : 3073858368
2015-04-15 19:59:19.608 [SEEDER #0]: LEECHER IP ADDR 127.0.0.1
2015-04-15 19:59:19.608 [SEEDER #0]: RESPONSE HANDSHAKE
2015-04-15 19:59:19.608 [SEEDER #0]: HANDSHAKE SUCCESS
2015-04-15 19:59:19.616 [SEEDER #0]: MESSAGE SENT : BITFIELD 
2015-04-15 19:59:19.619 [SEEDER #0]: TERMINATING THE CONNECTION WITH LEECHER
2015-04-15 20:00:34.016 [Server]: Socket Creation success: has TCP port number 6679 and IP address 127.0.0.1 and hostname 127.0.0.1
2015-04-15 20:00:51.693 [SEEDER]: created server thread id=3073923904 Client Host address: , Client Port: ,client sock : 4, client no 0
2015-04-15 20:00:51.693 [SEEDER #0]: THREAD ID : 3073923904
2015-04-15 20:00:51.693 [SEEDER #0]: LEECHER IP ADDR 127.0.0.1
2015-04-15 20:00:51.693 [SEEDER #0]: RESPONSE HANDSHAKE
2015-04-15 20:00:51.694 [SEEDER #0]: HANDSHAKE SUCCESS
2015-04-15 20:00:51.713 [SEEDER #0]: MESSAGE SENT : BITFIELD 
2015-04-15 20:00:51.755 [SEEDER #0]: MESSAGE RCVD : INTERESTED
2015-04-15 20:03:40.904 [Server]: Socket Creation success: has TCP port number 6681 and IP address 127.0.0.1 and hostname 127.0.0.1
2015-04-15 20:03:52.528 [SEEDER]: created server thread id=3074091840 Client Host address: , Client Port: ,client sock : 4, client no 0
2015-04-15 20:03:52.528 [SEEDER #0]: THREAD ID : 3074091840
2015-04-15 20:03:52.528 [SEEDER #0]: LEECHER IP ADDR 127.0.0.1
2015-04-15 20:03:52.528 [SEEDER #0]: RESPONSE HANDSHAKE
2015-04-15 20:03:52.529 [SEEDER #0]: HANDSHAKE SUCCESS
2015-04-15 20:03:52.544 [SEEDER #0]: MESSAGE SENT : BITFIELD 
2015-04-15 20:03:52.591 [SEEDER #0]: MESSAGE RCVD : INTERESTED
2015-04-15 20:03:52.591 [SEEDER #0]: MESSAGE RCVD: REQUEST: INDEX - 0, OFFSET - 0, LENGTH - 262144
2015-04-15 20:03:52.593 [SEEDER #0]: MESSAGE SENT: PIECE : INDEX - 0, OFFSET - 0
2015-04-15 20:03:52.606 [SEEDER #0]: MESSAGE SENT : BITFIELD 
2015-04-15 20:03:52.675 [SEEDER #0]: MESSAGE RCVD : INTERESTED
2015-04-15 20:03:52.675 [SEEDER #0]: MESSAGE RCVD: REQUEST: INDEX - 1, OFFSET - 0, LENGTH - 262144
2015-04-15 20:03:52.676 [SEEDER #0]: MESSAGE SENT: PIECE : INDEX - 1, OFFSET - 0
2015-04-15 20:03:52.688 [SEEDER #0]: MESSAGE SENT : BITFIELD 
2015-04-15 20:03:52.775 [SEEDER #0]: MESSAGE RCVD : INTERESTED
2015-04-15 20:03:52.775 [SEEDER #0]: MESSAGE RCVD: REQUEST: INDEX - 2, OFFSET - 0, LENGTH - 262144
2015-04-15 20:03:52.776 [SEEDER #0]: MESSAGE SENT: PIECE : INDEX - 2, OFFSET - 0
2015-04-15 20:03:52.787 [SEEDER #0]: MESSAGE SENT : BITFIELD 
2015-04-15 20:03:52.867 [SEEDER #0]: MESSAGE RCVD : INTERESTED
2015-04-15 20:03:52.867 [SEEDER #0]: MESSAGE RCVD: REQUEST: INDEX - 3, OFFSET - 0, LENGTH - 262144
2015-04-15 20:03:52.868 [SEEDER #0]: MESSAGE SENT: PIECE : INDEX - 3, OFFSET - 0
2015-04-15 20:03:52.878 [SEEDER #0]: MESSAGE SENT : BITFIELD 
2015-04-15 20:03:52.967 [SEEDER #0]: MESSAGE RCVD : INTERESTED
2015-04-15 20:03:52.967 [SEEDER #0]: MESSAGE RCVD: REQUEST: INDEX - 4, OFFSET - 0, LENGTH - 262144
2015-04-15 20:03:52.968 [SEEDER #0]: MESSAGE SENT: PIECE : INDEX - 4, OFFSET - 0
2015-04-15 20:03:52.978 [SEEDER #0]: MESSAGE SENT : BITFIELD 
2015-04-15 20:03:53.063 [SEEDER #0]: MESSAGE RCVD : INTERESTED
2015-04-15 20:03:53.063 [SEEDER #0]: MESSAGE RCVD: REQUEST: INDEX - 5, OFFSET - 0, LENGTH - 76800
2015-04-15 20:03:53.064 [SEEDER #0]: MESSAGE SENT: PIECE : INDEX - 5, OFFSET - 0
2015-04-15 20:03:53.076 [SEEDER #0]: MESSAGE SENT : BITFIELD 
2015-04-15 20:03:53.113 [SEEDER #0]: MESSAGE RCVD : NOT INTERESTED
2015-04-15 20:03:53.113 [SEEDER #0]: TERMINATING THE CONNECTION WITH LEECHER
2015-04-15 20:06:59.059 [Server]: Socket Creation success: has TCP port number 6689 and IP address 127.0.0.1 and hostname 127.0.0.1
2015-04-15 20:08:02.442 [SEEDER]: created server thread id=3073542976 Client Host address: , Client Port: ,client sock : 4, client no 0
2015-04-15 20:08:02.442 [SEEDER #0]: THREAD ID : 3073542976
2015-04-15 20:08:02.442 [SEEDER #0]: LEECHER IP ADDR 127.0.0.1
2015-04-15 20:08:02.442 [SEEDER #0]: RESPONSE HANDSHAKE
2015-04-15 20:08:02.443 [SEEDER #0]: HANDSHAKE SUCCESS
2015-04-15 20:08:02.456 [SEEDER #0]: MESSAGE SENT : BITFIELD 
2015-04-15 20:08:02.495 [SEEDER #0]: MESSAGE RCVD : INTERESTED
2015-04-15 20:08:02.495 [SEEDER #0]: MESSAGE RCVD: REQUEST: INDEX - 0, OFFSET - 0, LENGTH - 262144
2015-04-15 20:08:02.496 [SEEDER #0]: MESSAGE SENT: PIECE : INDEX - 0, OFFSET - 0
2015-04-15 20:08:02.508 [SEEDER #0]: MESSAGE SENT : BITFIELD 
2015-04-15 20:08:02.583 [SEEDER #0]: MESSAGE RCVD : INTERESTED
2015-04-15 20:08:02.583 [SEEDER #0]: MESSAGE RCVD: REQUEST: INDEX - 1, OFFSET - 0, LENGTH - 262144
2015-04-15 20:08:02.584 [SEEDER #0]: MESSAGE SENT: PIECE : INDEX - 1, OFFSET - 0
2015-04-15 20:08:02.600 [SEEDER #0]: MESSAGE SENT : BITFIELD 
2015-04-15 20:08:02.687 [SEEDER #0]: MESSAGE RCVD : INTERESTED
2015-04-15 20:08:02.688 [SEEDER #0]: MESSAGE RCVD: REQUEST: INDEX - 2, OFFSET - 0, LENGTH - 262144
2015-04-15 20:08:02.689 [SEEDER #0]: MESSAGE SENT: PIECE : INDEX - 2, OFFSET - 0
2015-04-15 20:08:02.699 [SEEDER #0]: MESSAGE SENT : BITFIELD 
2015-04-15 20:08:02.783 [SEEDER #0]: MESSAGE RCVD : INTERESTED
2015-04-15 20:08:02.783 [SEEDER #0]: MESSAGE RCVD: REQUEST: INDEX - 3, OFFSET - 0, LENGTH - 262144
2015-04-15 20:08:02.784 [SEEDER #0]: MESSAGE SENT: PIECE : INDEX - 3, OFFSET - 0
2015-04-15 20:08:02.794 [SEEDER #0]: MESSAGE SENT : BITFIELD 
2015-04-15 20:08:02.879 [SEEDER #0]: MESSAGE RCVD : INTERESTED
2015-04-15 20:08:02.879 [SEEDER #0]: MESSAGE RCVD: REQUEST: INDEX - 4, OFFSET - 0, LENGTH - 262144
2015-04-15 20:08:02.880 [SEEDER #0]: MESSAGE SENT: PIECE : INDEX - 4, OFFSET - 0
2015-04-15 20:08:02.893 [SEEDER #0]: MESSAGE SENT : BITFIELD 
2015-04-15 20:08:02.983 [SEEDER #0]: MESSAGE RCVD : INTERESTED
2015-04-15 20:08:02.983 [SEEDER #0]: MESSAGE RCVD: REQUEST: INDEX - 5, OFFSET - 0, LENGTH - 76800
2015-04-15 20:08:02.984 [SEEDER #0]: MESSAGE SENT: PIECE : INDEX - 5, OFFSET - 0
2015-04-15 20:08:02.995 [SEEDER #0]: MESSAGE SENT : BITFIELD 
2015-04-15 20:08:03.033 [SEEDER #0]: MESSAGE RCVD : NOT INTERESTED
2015-04-15 20:08:03.034 [SEEDER #0]: TERMINATING THE CONNECTION WITH LEECHER
2015-04-15 20:13:31.277 [Server]: Socket Creation success: has TCP port number 6690 and IP address 127.0.1.1 and hostname kevo-HP-630-Notebook-PC
2015-04-15 20:13:31.278 [LEECHER]: Created leecher thread id=3073239872
2015-04-15 20:13:31.278 [LEECHER#1]: THREAD ID : 3073239872
2015-04-15 20:13:31.278 [LEECHER#1]: SEEDER IP ADDR 127.0.0.1 AND PORT 33229
2015-04-15 20:13:31.278 [LEECHER#1]: INIT HANDSHAKE
2015-04-15 20:13:31.279 [LEECHER#1]: HANDSHAKE SUCCESS
2015-04-15 20:13:31.292 [LEECHER#1]: MESSAGE RCVD : BITFIELD - 0xfc 
2015-04-15 20:13:31.292 [LEECHER#1]: MESSAGE SENT : INTERESTED
2015-04-15 20:13:31.292 [LEECHER#1]: MESSAGE SENT: REQUEST : INDEX - 0, OFFSET - 0, LENGTH - 262144
2015-04-15 20:13:31.333 [LEECHER#1]: MESSAGE RCVD : PIECE : INDEX - 0, OFFSET - 0
2015-04-15 20:13:31.341 [DOWNLOAD STATUS]: File: download.mp3 Progress: 16.67% Downloaded: 256.00 KB
2015-04-15 20:13:31.371 [LEECHER#1]: MESSAGE RCVD : BITFIELD - 0xfc 
2015-04-15 20:13:31.381 [LEECHER#1]: MESSAGE SENT : INTERESTED
2015-04-15 20:13:31.382 [LEECHER#1]: MESSAGE SENT: REQUEST : INDEX - 1, OFFSET - 0, LENGTH - 262144
2015-04-15 20:13:31.421 [LEECHER#1]: MESSAGE RCVD : PIECE : INDEX - 1, OFFSET - 0
2015-04-15 20:13:31.424 [DOWNLOAD STATUS]: File: download.mp3 Progress: 33.33% Downloaded: 512.00 KB
2015-04-15 20:13:31.471 [LEECHER#1]: MESSAGE RCVD : BITFIELD - 0xfc 
2015-04-15 20:13:31.483 [LEECHER#1]: MESSAGE SENT : INTERESTED
2015-04-15 20:13:31.483 [LEECHER#1]: MESSAGE SENT: REQUEST : INDEX - 2, OFFSET - 0, LENGTH - 262144
2015-04-15 20:13:31.525 [LEECHER#1]: MESSAGE RCVD : PIECE : INDEX - 2, OFFSET - 0
2015-04-15 20:13:31.528 [DOWNLOAD STATUS]: File: download.mp3 Progress: 50.00% Downloaded: 768.00 KB
2015-04-15 20:13:31.571 [LEECHER#1]: MESSAGE RCVD : BITFIELD - 0xfc 
2015-04-15 20:13:31.581 [LEECHER#1]: MESSAGE SENT : INTERESTED
2015-04-15 20:13:31.581 [LEECHER#1]: MESSAGE SENT: REQUEST : INDEX - 3, OFFSET - 0, LENGTH - 262144
2015-04-15 20:13:31.621 [LEECHER#1]: MESSAGE RCVD : PIECE : INDEX - 3, OFFSET - 0
2015-04-15 20:13:31.624 [DOWNLOAD STATUS]: File: download.mp3 Progress: 66.67% Downloaded: 1024.00 KB
2015-04-15 20:13:31.667 [LEECHER#1]: MESSAGE RCVD : BITFIELD - 0xfc 
2015-04-15 20:13:31.677 [LEECHER#1]: MESSAGE SENT : INTERESTED
2015-04-15 20:13:31.677 [LEECHER#1]: MESSAGE SENT: REQUEST : INDEX - 4, OFFSET - 0, LENGTH - 262144
2015-04-15 20:13:31.717 [LEECHER#1]: MESSAGE RCVD : PIECE : INDEX - 4, OFFSET - 0
2015-04-15 20:13:31.721 [DOWNLOAD STATUS]: File: download.mp3 Progress: 83.33% Downloaded: 1280.00 KB
2015-04-15 20:13:31.763 [LEECHER#1]: MESSAGE RCVD : BITFIELD - 0xfc 
2015-04-15 20:13:31.773 [LEECHER#1]: MESSAGE SENT : INTERESTED
2015-04-15 20:13:31.773 [LEECHER#1]: MESSAGE SENT: REQUEST : INDEX - 5, OFFSET - 0, LENGTH - 76800
2015-04-15 20:13:31.812 [LEECHER#1]: MESSAGE RCVD : PIECE : INDEX - 5, OFFSET - 0
2015-04-15 20:13:31.813 [DOWNLOAD STATUS]: File: download.mp3 Progress: 100.00% Downloaded: 1355.00 KB
2015-04-15 20:13:31.851 [LEECHER#1]: MESSAGE RCVD : BITFIELD - 0xfc 
2015-04-15 20:13:31.864 [LEECHER#1]: MESSAGE SENT : NOT INTERESTED
2015-04-15 20:13:31.864 [LEECHER#1]: TERMINATING CONNECTION WITH SEEDER
2015-04-15 20:16:13.683 [Server]: Socket Creation success: has TCP port number 6699 and IP address 127.0.1.1 and hostname kevo-HP-630-Notebook-PC
2015-04-15 20:16:13.684 [LEECHER]: Created leecher thread id=3073424192
2015-04-15 20:16:13.684 [LEECHER#1]: THREAD ID : 3073424192
2015-04-15 20:16:13.684 [LEECHER#1]: SEEDER IP ADDR 127.0.0.1 AND PORT 33231
2015-04-15 20:16:13.684 [LEECHER#1]: INIT HANDSHAKE
2015-04-15 20:16:13.685 [LEECHER#1]: HANDSHAKE SUCCESS
2015-04-15 20:16:13.700 [LEECHER#1]: MESSAGE RCVD : BITFIELD - 0xfc 
2015-04-15 20:16:13.711 [LEECHER#1]: MESSAGE SENT : NOT INTERESTED
2015-04-15 20:16:13.712 [LEECHER#1]: TERMINATING CONNECTION WITH SEEDER
2015-04-16 10:10:35.516 [Server]: Socket Creation success: has TCP port number 6672 and IP address 127.0.1.1 and hostname kevo-HP-630-Notebook-PC
2015-04-16 10:10:35.516 [LEECHER]: Created leecher thread id=3073375040
2015-04-16 10:10:35.517 [LEECHER#1]: THREAD ID : 3073375040
2015-04-16 10:10:35.517 [LEECHER#1]: SEEDER IP ADDR 127.0.0.1 AND PORT 33232
2015-04-16 10:10:35.517 [LEECHER#1]: INIT HANDSHAKE
2015-04-16 10:10:35.517 [LEECHER#1]: HANDSHAKE SUCCESS
2015-04-16 10:10:35.531 [LEECHER#1]: MESSAGE RCVD : BITFIELD - 0xfc 
2015-04-16 10:10:35.542 [LEECHER#1]: MESSAGE SENT : NOT INTERESTED
2015-04-16 10:10:35.542 [LEECHER#1]: TERMINATING CONNECTION WITH SEEDER
2015-04-17 20:02:45.525 [Server]: Socket Creation success: has TCP port number 6673 and IP address 127.0.1.1 and hostname kevo-HP-630-Notebook-PC
2015-04-17 20:02:45.526 [LEECHER]: Created leecher thread id=3074022208
2015-04-17 20:02:45.527 [LEECHER#1]: THREAD ID : 3074022208
2015-04-17 20:02:45.527 [LEECHER#1]: SEEDER IP ADDR 127.0.0.1 AND PORT 57868
2015-04-17 20:02:45.527 [LEECHER#1]: INIT HANDSHAKE
2015-04-17 20:02:45.527 [LEECHER#1]: HANDSHAKE SUCCESS
2015-04-17 20:02:45.541 [LEECHER#1]: MESSAGE RCVD : BITFIELD - 0xfc 
2015-04-17 20:02:45.541 [LEECHER#1]: MESSAGE SENT : INTERESTED
2015-04-17 20:02:45.541 [LEECHER#1]: MESSAGE SENT: REQUEST : INDEX - 0, OFFSET - 0, LENGTH - 262144
2015-04-17 20:02:45.582 [LEECHER#1]: MESSAGE RCVD : PIECE : INDEX - 0, OFFSET - 0
2015-04-17 20:02:45.584 [DOWNLOAD STATUS]: File: download.mp3 Progress: 16.67% Downloaded: 256.00 KB
2015-04-17 20:02:45.619 [LEECHER#1]: MESSAGE RCVD : BITFIELD - 0xfc 
2015-04-17 20:02:45.631 [LEECHER#1]: MESSAGE SENT : INTERESTED
2015-04-17 20:02:45.631 [LEECHER#1]: MESSAGE SENT: REQUEST : INDEX - 1, OFFSET - 0, LENGTH - 262144
2015-04-17 20:02:45.673 [LEECHER#1]: MESSAGE RCVD : PIECE : INDEX - 1, OFFSET - 0
2015-04-17 20:02:45.676 [DOWNLOAD STATUS]: File: download.mp3 Progress: 33.33% Downloaded: 512.00 KB
2015-04-17 20:02:45.723 [LEECHER#1]: MESSAGE RCVD : BITFIELD - 0xfc 
2015-04-17 20:02:45.735 [LEECHER#1]: MESSAGE SENT : INTERESTED
2015-04-17 20:02:45.736 [LEECHER#1]: MESSAGE SENT: REQUEST : INDEX - 2, OFFSET - 0, LENGTH - 262144
2015-04-17 20:02:45.777 [LEECHER#1]: MESSAGE RCVD : PIECE : INDEX - 2, OFFSET - 0
2015-04-17 20:02:45.780 [DOWNLOAD STATUS]: File: download.mp3 Progress: 50.00% Downloaded: 768.00 KB
2015-04-17 20:02:45.827 [LEECHER#1]: MESSAGE RCVD : BITFIELD - 0xfc 
2015-04-17 20:02:45.839 [LEECHER#1]: MESSAGE SENT : INTERESTED
2015-04-17 20:02:45.839 [LEECHER#1]: MESSAGE SENT: REQUEST : INDEX - 3, OFFSET - 0, LENGTH - 262144
2015-04-17 20:02:45.877 [LEECHER#1]: MESSAGE RCVD : PIECE : INDEX - 3, OFFSET - 0
2015-04-17 20:02:45.880 [DOWNLOAD STATUS]: File: download.mp3 Progress: 66.67% Downloaded: 1024.00 KB
2015-04-17 20:02:45.927 [LEECHER#1]: MESSAGE RCVD : BITFIELD - 0xfc 
2015-04-17 20:02:45.937 [LEECHER#1]: MESSAGE SENT : INTERESTED
2015-04-17 20:02:45.938 [LEECHER#1]: MESSAGE SENT: REQUEST : INDEX - 4, OFFSET - 0, LENGTH - 262144
2015-04-17 20:02:45.977 [LEECHER#1]: MESSAGE RCVD : PIECE : INDEX - 4, OFFSET - 0
2015-04-17 20:02:45.980 [DOWNLOAD STATUS]: File: download.mp3 Progress: 83.33% Downloaded: 1280.00 KB
2015-04-17 20:02:46.027 [LEECHER#1]: MESSAGE RCVD : BITFIELD - 0xfc 
2015-04-17 20:02:46.039 [LEECHER#1]: MESSAGE SENT : INTERESTED
2015-04-17 20:02:46.039 [LEECHER#1]: MESSAGE SENT: REQUEST : INDEX - 5, OFFSET - 0, LENGTH - 76800
2015-04-17 20:02:46.080 [LEECHER#1]: MESSAGE RCVD : PIECE : INDEX - 5, OFFSET - 0
2015-04-17 20:02:46.081 [DOWNLOAD STATUS]: File: download.mp3 Progress: 100.00% Downloaded: 1355.00 KB
2015-04-17 20:02:46.119 [LEECHER#1]: MESSAGE RCVD : BITFIELD - 0xfc 
2015-04-17 20:02:46.130 [LEECHER#1]: MESSAGE SENT : NOT INTERESTED
2015-04-17 20:02:46.130 [LEECHER#1]: TERMINATING CONNECTION WITH SEEDER
2015-04-17 20:03:45.125 [Server]: Socket Creation success: has TCP port number 6678 and IP address 127.0.1.1 and hostname kevo-HP-630-Notebook-PC
2015-04-17 20:03:45.125 [LEECHER]: Created leecher thread id=3073334080
2015-04-17 20:03:45.126 [LEECHER#1]: THREAD ID : 3073334080
2015-04-17 20:03:45.126 [LEECHER#1]: SEEDER IP ADDR 127.0.0.1 AND PORT 57869
2015-04-17 20:03:45.126 [LEECHER#1]: INIT HANDSHAKE
2015-04-17 20:03:45.126 [LEECHER#1]: HANDSHAKE SUCCESS
2015-04-17 20:03:45.135 [LEECHER#1]: MESSAGE RCVD : BITFIELD - 0xfc 
2015-04-17 20:03:45.141 [LEECHER#1]: MESSAGE SENT : NOT INTERESTED
2015-04-17 20:03:45.141 [LEECHER#1]: TERMINATING CONNECTION WITH SEEDER
2015-04-17 20:04:00.096 [Server]: Socket Creation success: has TCP port number 6686 and IP address 127.0.1.1 and hostname kevo-HP-630-Notebook-PC
2015-04-17 20:04:00.097 [LEECHER]: Created leecher thread id=3073305408
2015-04-17 20:04:00.097 [LEECHER#1]: THREAD ID : 3073305408
2015-04-17 20:04:00.097 [LEECHER#1]: SEEDER IP ADDR 127.0.0.1 AND PORT 57870
2015-04-17 20:04:00.097 [LEECHER#1]: INIT HANDSHAKE
2015-04-17 20:04:00.099 [LEECHER#1]: HANDSHAKE SUCCESS
2015-04-17 20:04:00.105 [LEECHER#1]: MESSAGE RCVD : BITFIELD - 0xfc 
2015-04-17 20:04:00.105 [LEECHER#1]: MESSAGE SENT : INTERESTED
2015-04-17 20:04:00.105 [LEECHER#1]: MESSAGE SENT: REQUEST : INDEX - 0, OFFSET - 0, LENGTH - 262144
2015-04-17 20:04:00.145 [LEECHER#1]: MESSAGE RCVD : PIECE : INDEX - 0, OFFSET - 0
2015-04-17 20:04:00.148 [DOWNLOAD STATUS]: File: download.mp3 Progress: 16.67% Downloaded: 256.00 KB
2015-04-17 20:04:00.183 [LEECHER#1]: MESSAGE RCVD : BITFIELD - 0xfc 
2015-04-17 20:04:00.193 [LEECHER#1]: MESSAGE SENT : INTERESTED
2015-04-17 20:04:00.193 [LEECHER#1]: MESSAGE SENT: REQUEST : INDEX - 1, OFFSET - 0, LENGTH - 262144
2015-04-17 20:04:00.234 [LEECHER#1]: MESSAGE RCVD : PIECE : INDEX - 1, OFFSET - 0
2015-04-17 20:04:00.237 [DOWNLOAD STATUS]: File: download.mp3 Progress: 33.33% Downloaded: 512.00 KB
2015-04-17 20:04:00.279 [LEECHER#1]: MESSAGE RCVD : BITFIELD - 0xfc 
2015-04-17 20:04:00.292 [LEECHER#1]: MESSAGE SENT : INTERESTED
2015-04-17 20:04:00.292 [LEECHER#1]: MESSAGE SENT: REQUEST : INDEX - 2, OFFSET - 0, LENGTH - 262144
2015-04-17 20:04:00.333 [LEECHER#1]: MESSAGE RCVD : PIECE : INDEX - 2, OFFSET - 0
2015-04-17 20:04:00.336 [DOWNLOAD STATUS]: File: download.mp3 Progress: 50.00% Downloaded: 768.00 KB
2015-04-17 20:04:00.383 [LEECHER#1]: MESSAGE RCVD : BITFIELD - 0xfc 
2015-04-17 20:04:00.396 [LEECHER#1]: MESSAGE SENT : INTERESTED
2015-04-17 20:04:00.396 [LEECHER#1]: MESSAGE SENT: REQUEST : INDEX - 3, OFFSET - 0, LENGTH - 262144
2015-04-17 20:04:00.437 [LEECHER#1]: MESSAGE RCVD : PIECE : INDEX - 3, OFFSET - 0
2015-04-17 20:04:00.440 [DOWNLOAD STATUS]: File: download.mp3 Progress: 66.67% Downloaded: 1024.00 KB
2015-04-17 20:04:00.487 [LEECHER#1]: MESSAGE RCVD : BITFIELD - 0xfc 
2015-04-17 20:04:00.500 [LEECHER#1]: MESSAGE SENT : INTERESTED
2015-04-17 20:04:00.500 [LEECHER#1]: MESSAGE SENT: REQUEST : INDEX - 4, OFFSET - 0, LENGTH - 262144
2015-04-17 20:04:00.541 [LEECHER#1]: MESSAGE RCVD : PIECE : INDEX - 4, OFFSET - 0
2015-04-17 20:04:00.544 [DOWNLOAD STATUS]: File: download.mp3 Progress: 83.33% Downloaded: 1280.00 KB
2015-04-17 20:04:00.591 [LEECHER#1]: MESSAGE RCVD : BITFIELD - 0xfc 
2015-04-17 20:04:00.603 [LEECHER#1]: MESSAGE SENT : INTERESTED
2015-04-17 20:04:00.603 [LEECHER#1]: MESSAGE SENT: REQUEST : INDEX - 5, OFFSET - 0, LENGTH - 76800
2015-04-17 20:04:00.644 [LEECHER#1]: MESSAGE RCVD : PIECE : INDEX - 5, OFFSET - 0
2015-04-17 20:04:00.645 [DOWNLOAD STATUS]: File: download.mp3 Progress: 100.00% Downloaded: 1355.00 KB
2015-04-17 20:04:00.683 [LEECHER#1]: MESSAGE RCVD : BITFIELD - 0xfc 
2015-04-17 20:04:00.695 [LEECHER#1]: MESSAGE SENT : NOT INTERESTED
2015-04-17 20:04:00.695 [LEECHER#1]: TERMINATING CONNECTION WITH SEEDER
2015-04-17 20:10:33.842 [Server]: Socket Creation success: has TCP port number 6681 and IP address 127.0.1.1 and hostname kevo-HP-630-Notebook-PC
2015-04-17 20:10:33.843 [LEECHER]: Created leecher thread id=3074251584
2015-04-17 20:10:33.843 [LEECHER#1]: THREAD ID : 3074251584
2015-04-17 20:10:33.843 [LEECHER#1]: SEEDER IP ADDR 127.0.0.1 AND PORT 57909
2015-04-17 20:10:33.843 [LEECHER#1]: INIT HANDSHAKE
2015-04-17 20:10:33.844 [LEECHER#1]: HANDSHAKE SUCCESS
2015-04-17 20:10:33.856 [LEECHER#1]: MESSAGE RCVD : BITFIELD - 0xfc 
2015-04-17 20:10:33.856 [LEECHER#1]: MESSAGE SENT : INTERESTED
2015-04-17 20:10:33.856 [LEECHER#1]: MESSAGE SENT: REQUEST : INDEX - 0, OFFSET - 0, LENGTH - 262144
2015-04-17 20:10:33.897 [LEECHER#1]: MESSAGE RCVD : PIECE : INDEX - 0, OFFSET - 0
2015-04-17 20:10:33.901 [DOWNLOAD STATUS]: File: download.mp3 Progress: 16.67% Downloaded: 256.00 KB
2015-04-17 20:10:33.935 [LEECHER#1]: MESSAGE RCVD : BITFIELD - 0xfc 
2015-04-17 20:10:33.949 [LEECHER#1]: MESSAGE SENT : INTERESTED
2015-04-17 20:10:33.950 [LEECHER#1]: MESSAGE SENT: REQUEST : INDEX - 1, OFFSET - 0, LENGTH - 262144
2015-04-17 20:10:33.989 [LEECHER#1]: MESSAGE RCVD : PIECE : INDEX - 1, OFFSET - 0
2015-04-17 20:10:33.993 [DOWNLOAD STATUS]: File: download.mp3 Progress: 33.33% Downloaded: 512.00 KB
2015-04-17 20:10:34.039 [LEECHER#1]: MESSAGE RCVD : BITFIELD - 0xfc 
2015-04-17 20:10:34.048 [LEECHER#1]: MESSAGE SENT : INTERESTED
2015-04-17 20:10:34.048 [LEECHER#1]: MESSAGE SENT: REQUEST : INDEX - 2, OFFSET - 0, LENGTH - 262144
2015-04-17 20:10:34.089 [LEECHER#1]: MESSAGE RCVD : PIECE : INDEX - 2, OFFSET - 0
2015-04-17 20:10:34.092 [DOWNLOAD STATUS]: File: download.mp3 Progress: 50.00% Downloaded: 768.00 KB
2015-04-17 20:10:34.135 [LEECHER#1]: MESSAGE RCVD : BITFIELD - 0xfc 
2015-04-17 20:10:34.147 [LEECHER#1]: MESSAGE SENT : INTERESTED
2015-04-17 20:10:34.147 [LEECHER#1]: MESSAGE SENT: REQUEST : INDEX - 3, OFFSET - 0, LENGTH - 262144
2015-04-17 20:10:34.188 [LEECHER#1]: MESSAGE RCVD : PIECE : INDEX - 3, OFFSET - 0
2015-04-17 20:10:34.190 [DOWNLOAD STATUS]: File: download.mp3 Progress: 66.67% Downloaded: 1024.00 KB
2015-04-17 20:10:34.235 [LEECHER#1]: MESSAGE RCVD : BITFIELD - 0xfc 
2015-04-17 20:10:34.247 [LEECHER#1]: MESSAGE SENT : INTERESTED
2015-04-17 20:10:34.247 [LEECHER#1]: MESSAGE SENT: REQUEST : INDEX - 4, OFFSET - 0, LENGTH - 262144
2015-04-17 20:10:34.285 [LEECHER#1]: MESSAGE RCVD : PIECE : INDEX - 4, OFFSET - 0
2015-04-17 20:10:34.288 [DOWNLOAD STATUS]: File: download.mp3 Progress: 83.33% Downloaded: 1280.00 KB
2015-04-17 20:10:34.335 [LEECHER#1]: MESSAGE RCVD : BITFIELD - 0xfc 
2015-04-17 20:10:34.347 [LEECHER#1]: MESSAGE SENT : INTERESTED
2015-04-17 20:10:34.348 [LEECHER#1]: MESSAGE SENT: REQUEST : INDEX - 5, OFFSET - 0, LENGTH - 76800
2015-04-17 20:10:34.388 [LEECHER#1]: MESSAGE RCVD : PIECE : INDEX - 5, OFFSET - 0
2015-04-17 20:10:34.389 [DOWNLOAD STATUS]: File: download.mp3 Progress: 100.00% Downloaded: 1355.00 KB
2015-04-17 20:10:34.427 [LEECHER#1]: MESSAGE RCVD : BITFIELD - 0xfc 
2015-04-17 20:10:34.439 [LEECHER#1]: MESSAGE SENT : NOT INTERESTED
2015-04-17 20:10:34.439 [LEECHER#1]: TERMINATING CONNECTION WITH SEEDER
